21-May-2021 09:18:11.274 INFO [main] org.apache.catalina.startup.VersionLoggerListener.log Server version name:   Apache Tomcat/9.0.45
21-May-2021 09:18:11.278 INFO [main] org.apache.catalina.startup.VersionLoggerListener.log Server built:          Mar 30 2021 10:29:04 UTC
21-May-2021 09:18:11.278 INFO [main] org.apache.catalina.startup.VersionLoggerListener.log Server version number: 9.0.45.0
21-May-2021 09:18:11.278 INFO [main] org.apache.catalina.startup.VersionLoggerListener.log OS Name:               Linux
21-May-2021 09:18:11.278 INFO [main] org.apache.catalina.startup.VersionLoggerListener.log OS Version:            5.10.38-1-lts
21-May-2021 09:18:11.278 INFO [main] org.apache.catalina.startup.VersionLoggerListener.log Architecture:          amd64
21-May-2021 09:18:11.278 INFO [main] org.apache.catalina.startup.VersionLoggerListener.log Java Home:             /usr/lib/jvm/java-11-openjdk
21-May-2021 09:18:11.278 INFO [main] org.apache.catalina.startup.VersionLoggerListener.log JVM Version:           11.0.11+9
21-May-2021 09:18:11.279 INFO [main] org.apache.catalina.startup.VersionLoggerListener.log JVM Vendor:            Oracle Corporation
21-May-2021 09:18:11.279 INFO [main] org.apache.catalina.startup.VersionLoggerListener.log CATALINA_BASE:         /home/kirill/Programming/Shop/apache-tomcat-9.0.45
21-May-2021 09:18:11.279 INFO [main] org.apache.catalina.startup.VersionLoggerListener.log CATALINA_HOME:         /home/kirill/Programming/Shop/apache-tomcat-9.0.45
21-May-2021 09:18:11.288 INFO [main] org.apache.catalina.startup.VersionLoggerListener.log Command line argument: --add-opens=java.base/java.lang=ALL-UNNAMED
21-May-2021 09:18:11.289 INFO [main] org.apache.catalina.startup.VersionLoggerListener.log Command line argument: --add-opens=java.base/java.io=ALL-UNNAMED
21-May-2021 09:18:11.289 INFO [main] org.apache.catalina.startup.VersionLoggerListener.log Command line argument: --add-opens=java.base/java.util=ALL-UNNAMED
21-May-2021 09:18:11.289 INFO [main] org.apache.catalina.startup.VersionLoggerListener.log Command line argument: --add-opens=java.base/java.util.concurrent=ALL-UNNAMED
21-May-2021 09:18:11.289 INFO [main] org.apache.catalina.startup.VersionLoggerListener.log Command line argument: --add-opens=java.rmi/sun.rmi.transport=ALL-UNNAMED
21-May-2021 09:18:11.289 INFO [main] org.apache.catalina.startup.VersionLoggerListener.log Command line argument: -Djava.util.logging.config.file=/home/kirill/Programming/Shop/apache-tomcat-9.0.45/conf/logging.properties
21-May-2021 09:18:11.289 INFO [main] org.apache.catalina.startup.VersionLoggerListener.log Command line argument: -Djava.util.logging.manager=org.apache.juli.ClassLoaderLogManager
21-May-2021 09:18:11.289 INFO [main] org.apache.catalina.startup.VersionLoggerListener.log Command line argument: -Djdk.tls.ephemeralDHKeySize=2048
21-May-2021 09:18:11.289 INFO [main] org.apache.catalina.startup.VersionLoggerListener.log Command line argument: -Djava.protocol.handler.pkgs=org.apache.catalina.webresources
21-May-2021 09:18:11.290 INFO [main] org.apache.catalina.startup.VersionLoggerListener.log Command line argument: -Dorg.apache.catalina.security.SecurityListener.UMASK=0027
21-May-2021 09:18:11.290 INFO [main] org.apache.catalina.startup.VersionLoggerListener.log Command line argument: -Dignore.endorsed.dirs=
21-May-2021 09:18:11.290 INFO [main] org.apache.catalina.startup.VersionLoggerListener.log Command line argument: -Dcatalina.base=/home/kirill/Programming/Shop/apache-tomcat-9.0.45
21-May-2021 09:18:11.290 INFO [main] org.apache.catalina.startup.VersionLoggerListener.log Command line argument: -Dcatalina.home=/home/kirill/Programming/Shop/apache-tomcat-9.0.45
21-May-2021 09:18:11.290 INFO [main] org.apache.catalina.startup.VersionLoggerListener.log Command line argument: -Djava.io.tmpdir=/home/kirill/Programming/Shop/apache-tomcat-9.0.45/temp
21-May-2021 09:18:11.291 INFO [main] org.apache.catalina.core.AprLifecycleListener.lifecycleEvent The Apache Tomcat Native library which allows using OpenSSL was not found on the java.library.path: [/usr/java/packages/lib:/usr/lib64:/lib64:/lib:/usr/lib]
21-May-2021 09:18:11.671 INFO [main] org.apache.coyote.AbstractProtocol.init Initializing ProtocolHandler ["http-nio-8080"]
21-May-2021 09:18:11.712 INFO [main] org.apache.catalina.startup.Catalina.load Server initialization in [627] milliseconds
21-May-2021 09:18:11.797 INFO [main] org.apache.catalina.core.StandardService.startInternal Starting service [Catalina]
21-May-2021 09:18:11.798 INFO [main] org.apache.catalina.core.StandardEngine.startInternal Starting Servlet engine: [Apache Tomcat/9.0.45]
21-May-2021 09:18:11.811 INFO [main] org.apache.catalina.startup.HostConfig.deployDirectory Deploying web application directory [/home/kirill/Programming/Shop/apache-tomcat-9.0.45/webapps/shop]
21-May-2021 09:18:14.722 INFO [main] org.apache.jasper.servlet.TldScanner.scanJars At least one JAR was scanned for TLDs yet contained no TLDs. Enable debug logging for this logger for a complete list of JARs that were scanned but no TLDs were found in them. Skipping unneeded JARs during scanning can improve startup time and JSP compilation time.
21-May-2021 09:18:21.226 INFO [main] org.apache.catalina.startup.HostConfig.deployDirectory Deployment of web application directory [/home/kirill/Programming/Shop/apache-tomcat-9.0.45/webapps/shop] has finished in [9,415] ms
21-May-2021 09:18:21.226 INFO [main] org.apache.catalina.startup.HostConfig.deployDirectory Deploying web application directory [/home/kirill/Programming/Shop/apache-tomcat-9.0.45/webapps/docs]
21-May-2021 09:18:21.244 INFO [main] org.apache.catalina.startup.HostConfig.deployDirectory Deployment of web application directory [/home/kirill/Programming/Shop/apache-tomcat-9.0.45/webapps/docs] has finished in [18] ms
21-May-2021 09:18:21.245 INFO [main] org.apache.catalina.startup.HostConfig.deployDirectory Deploying web application directory [/home/kirill/Programming/Shop/apache-tomcat-9.0.45/webapps/manager]
21-May-2021 09:18:21.275 INFO [main] org.apache.catalina.startup.HostConfig.deployDirectory Deployment of web application directory [/home/kirill/Programming/Shop/apache-tomcat-9.0.45/webapps/manager] has finished in [30] ms
21-May-2021 09:18:21.276 INFO [main] org.apache.catalina.startup.HostConfig.deployDirectory Deploying web application directory [/home/kirill/Programming/Shop/apache-tomcat-9.0.45/webapps/host-manager]
21-May-2021 09:18:21.296 INFO [main] org.apache.catalina.startup.HostConfig.deployDirectory Deployment of web application directory [/home/kirill/Programming/Shop/apache-tomcat-9.0.45/webapps/host-manager] has finished in [20] ms
21-May-2021 09:18:21.296 INFO [main] org.apache.catalina.startup.HostConfig.deployDirectory Deploying web application directory [/home/kirill/Programming/Shop/apache-tomcat-9.0.45/webapps/examples]
21-May-2021 09:18:21.490 INFO [main] org.apache.catalina.startup.HostConfig.deployDirectory Deployment of web application directory [/home/kirill/Programming/Shop/apache-tomcat-9.0.45/webapps/examples] has finished in [194] ms
21-May-2021 09:18:21.490 INFO [main] org.apache.catalina.startup.HostConfig.deployDirectory Deploying web application directory [/home/kirill/Programming/Shop/apache-tomcat-9.0.45/webapps/ROOT]
21-May-2021 09:18:21.507 INFO [main] org.apache.catalina.startup.HostConfig.deployDirectory Deployment of web application directory [/home/kirill/Programming/Shop/apache-tomcat-9.0.45/webapps/ROOT] has finished in [16] ms
21-May-2021 09:18:21.511 INFO [main] org.apache.coyote.AbstractProtocol.start Starting ProtocolHandler ["http-nio-8080"]
21-May-2021 09:18:21.521 INFO [main] org.apache.catalina.startup.Catalina.start Server startup in [9807] milliseconds
21-May-2021 09:23:48.523 WARNING [main] org.apache.catalina.core.StandardServer.await Invalid shutdown command [] received
21-May-2021 09:30:52.473 INFO [main] org.apache.catalina.core.StandardServer.await A valid shutdown command was received via the shutdown port. Stopping the Server instance.
21-May-2021 09:30:52.474 INFO [main] org.apache.coyote.AbstractProtocol.pause Pausing ProtocolHandler ["http-nio-8080"]
21-May-2021 09:30:52.481 INFO [main] org.apache.catalina.core.StandardService.stopInternal Stopping service [Catalina]
21-May-2021 09:30:52.521 WARNING [main] org.apache.catalina.loader.WebappClassLoaderBase.clearReferencesJdbc The web application [shop] registered the JDBC driver [org.postgresql.Driver] but failed to unregister it when the web application was stopped. To prevent a memory leak, the JDBC Driver has been forcibly unregistered.
21-May-2021 09:30:52.530 INFO [main] org.apache.coyote.AbstractProtocol.stop Stopping ProtocolHandler ["http-nio-8080"]
21-May-2021 09:30:52.580 INFO [main] org.apache.coyote.AbstractProtocol.destroy Destroying ProtocolHandler ["http-nio-8080"]
