NOTE: Picked up JDK_JAVA_OPTIONS:  --add-opens=java.base/java.lang=ALL-UNNAMED --add-opens=java.base/java.io=ALL-UNNAMED --add-opens=java.base/java.util=ALL-UNNAMED --add-opens=java.base/java.util.concurrent=ALL-UNNAMED --add-opens=java.rmi/sun.rmi.transport=ALL-UNNAMED
17-Apr-2021 08:53:48.871 INFO [main] org.apache.catalina.startup.VersionLoggerListener.log Server version name:   Apache Tomcat/9.0.45
17-Apr-2021 08:53:48.875 INFO [main] org.apache.catalina.startup.VersionLoggerListener.log Server built:          Mar 30 2021 10:29:04 UTC
17-Apr-2021 08:53:48.875 INFO [main] org.apache.catalina.startup.VersionLoggerListener.log Server version number: 9.0.45.0
17-Apr-2021 08:53:48.876 INFO [main] org.apache.catalina.startup.VersionLoggerListener.log OS Name:               Linux
17-Apr-2021 08:53:48.876 INFO [main] org.apache.catalina.startup.VersionLoggerListener.log OS Version:            5.11.13-arch1-1
17-Apr-2021 08:53:48.876 INFO [main] org.apache.catalina.startup.VersionLoggerListener.log Architecture:          amd64
17-Apr-2021 08:53:48.876 INFO [main] org.apache.catalina.startup.VersionLoggerListener.log Java Home:             /usr/lib/jvm/java-11-openjdk
17-Apr-2021 08:53:48.876 INFO [main] org.apache.catalina.startup.VersionLoggerListener.log JVM Version:           11.0.10+9
17-Apr-2021 08:53:48.876 INFO [main] org.apache.catalina.startup.VersionLoggerListener.log JVM Vendor:            Oracle Corporation
17-Apr-2021 08:53:48.877 INFO [main] org.apache.catalina.startup.VersionLoggerListener.log CATALINA_BASE:         /home/kirill/Programming/Shop/apache-tomcat-9.0.45
17-Apr-2021 08:53:48.877 INFO [main] org.apache.catalina.startup.VersionLoggerListener.log CATALINA_HOME:         /home/kirill/Programming/Shop/apache-tomcat-9.0.45
17-Apr-2021 08:53:48.894 INFO [main] org.apache.catalina.startup.VersionLoggerListener.log Command line argument: --add-opens=java.base/java.lang=ALL-UNNAMED
17-Apr-2021 08:53:48.894 INFO [main] org.apache.catalina.startup.VersionLoggerListener.log Command line argument: --add-opens=java.base/java.io=ALL-UNNAMED
17-Apr-2021 08:53:48.894 INFO [main] org.apache.catalina.startup.VersionLoggerListener.log Command line argument: --add-opens=java.base/java.util=ALL-UNNAMED
17-Apr-2021 08:53:48.895 INFO [main] org.apache.catalina.startup.VersionLoggerListener.log Command line argument: --add-opens=java.base/java.util.concurrent=ALL-UNNAMED
17-Apr-2021 08:53:48.895 INFO [main] org.apache.catalina.startup.VersionLoggerListener.log Command line argument: --add-opens=java.rmi/sun.rmi.transport=ALL-UNNAMED
17-Apr-2021 08:53:48.895 INFO [main] org.apache.catalina.startup.VersionLoggerListener.log Command line argument: -Djava.util.logging.config.file=/home/kirill/Programming/Shop/apache-tomcat-9.0.45/conf/logging.properties
17-Apr-2021 08:53:48.895 INFO [main] org.apache.catalina.startup.VersionLoggerListener.log Command line argument: -Djava.util.logging.manager=org.apache.juli.ClassLoaderLogManager
17-Apr-2021 08:53:48.895 INFO [main] org.apache.catalina.startup.VersionLoggerListener.log Command line argument: -Djdk.tls.ephemeralDHKeySize=2048
17-Apr-2021 08:53:48.895 INFO [main] org.apache.catalina.startup.VersionLoggerListener.log Command line argument: -Djava.protocol.handler.pkgs=org.apache.catalina.webresources
17-Apr-2021 08:53:48.895 INFO [main] org.apache.catalina.startup.VersionLoggerListener.log Command line argument: -Dorg.apache.catalina.security.SecurityListener.UMASK=0027
17-Apr-2021 08:53:48.896 INFO [main] org.apache.catalina.startup.VersionLoggerListener.log Command line argument: -Dignore.endorsed.dirs=
17-Apr-2021 08:53:48.896 INFO [main] org.apache.catalina.startup.VersionLoggerListener.log Command line argument: -Dcatalina.base=/home/kirill/Programming/Shop/apache-tomcat-9.0.45
17-Apr-2021 08:53:48.896 INFO [main] org.apache.catalina.startup.VersionLoggerListener.log Command line argument: -Dcatalina.home=/home/kirill/Programming/Shop/apache-tomcat-9.0.45
17-Apr-2021 08:53:48.896 INFO [main] org.apache.catalina.startup.VersionLoggerListener.log Command line argument: -Djava.io.tmpdir=/home/kirill/Programming/Shop/apache-tomcat-9.0.45/temp
17-Apr-2021 08:53:48.898 INFO [main] org.apache.catalina.core.AprLifecycleListener.lifecycleEvent The Apache Tomcat Native library which allows using OpenSSL was not found on the java.library.path: [/usr/java/packages/lib:/usr/lib64:/lib64:/lib:/usr/lib]
17-Apr-2021 08:53:49.299 INFO [main] org.apache.coyote.AbstractProtocol.init Initializing ProtocolHandler ["http-nio-8080"]
17-Apr-2021 08:53:49.334 INFO [main] org.apache.catalina.startup.Catalina.load Server initialization in [717] milliseconds
17-Apr-2021 08:53:49.399 INFO [main] org.apache.catalina.core.StandardService.startInternal Starting service [Catalina]
17-Apr-2021 08:53:49.400 INFO [main] org.apache.catalina.core.StandardEngine.startInternal Starting Servlet engine: [Apache Tomcat/9.0.45]
17-Apr-2021 08:53:49.431 INFO [main] org.apache.catalina.startup.HostConfig.deployWAR Deploying web application archive [/home/kirill/Programming/Shop/apache-tomcat-9.0.45/webapps/spring-mvc-app1.war]
17-Apr-2021 08:53:50.487 INFO [main] org.apache.jasper.servlet.TldScanner.scanJars At least one JAR was scanned for TLDs yet contained no TLDs. Enable debug logging for this logger for a complete list of JARs that were scanned but no TLDs were found in them. Skipping unneeded JARs during scanning can improve startup time and JSP compilation time.
SLF4J: Failed to load class "org.slf4j.impl.StaticLoggerBinder".
SLF4J: Defaulting to no-operation (NOP) logger implementation
SLF4J: See http://www.slf4j.org/codes.html#StaticLoggerBinder for further details.
17-Apr-2021 08:53:51.607 INFO [main] org.apache.catalina.startup.HostConfig.deployWAR Deployment of web application archive [/home/kirill/Programming/Shop/apache-tomcat-9.0.45/webapps/spring-mvc-app1.war] has finished in [2,176] ms
17-Apr-2021 08:53:51.608 INFO [main] org.apache.catalina.startup.HostConfig.deployDirectory Deploying web application directory [/home/kirill/Programming/Shop/apache-tomcat-9.0.45/webapps/docs]
17-Apr-2021 08:53:51.636 INFO [main] org.apache.catalina.startup.HostConfig.deployDirectory Deployment of web application directory [/home/kirill/Programming/Shop/apache-tomcat-9.0.45/webapps/docs] has finished in [28] ms
17-Apr-2021 08:53:51.637 INFO [main] org.apache.catalina.startup.HostConfig.deployDirectory Deploying web application directory [/home/kirill/Programming/Shop/apache-tomcat-9.0.45/webapps/manager]
17-Apr-2021 08:53:51.700 INFO [main] org.apache.catalina.startup.HostConfig.deployDirectory Deployment of web application directory [/home/kirill/Programming/Shop/apache-tomcat-9.0.45/webapps/manager] has finished in [63] ms
17-Apr-2021 08:53:51.700 INFO [main] org.apache.catalina.startup.HostConfig.deployDirectory Deploying web application directory [/home/kirill/Programming/Shop/apache-tomcat-9.0.45/webapps/host-manager]
17-Apr-2021 08:53:51.740 INFO [main] org.apache.catalina.startup.HostConfig.deployDirectory Deployment of web application directory [/home/kirill/Programming/Shop/apache-tomcat-9.0.45/webapps/host-manager] has finished in [40] ms
17-Apr-2021 08:53:51.740 INFO [main] org.apache.catalina.startup.HostConfig.deployDirectory Deploying web application directory [/home/kirill/Programming/Shop/apache-tomcat-9.0.45/webapps/examples]
17-Apr-2021 08:53:51.997 INFO [main] org.apache.catalina.startup.HostConfig.deployDirectory Deployment of web application directory [/home/kirill/Programming/Shop/apache-tomcat-9.0.45/webapps/examples] has finished in [257] ms
17-Apr-2021 08:53:51.997 INFO [main] org.apache.catalina.startup.HostConfig.deployDirectory Deploying web application directory [/home/kirill/Programming/Shop/apache-tomcat-9.0.45/webapps/ROOT]
17-Apr-2021 08:53:52.019 INFO [main] org.apache.catalina.startup.HostConfig.deployDirectory Deployment of web application directory [/home/kirill/Programming/Shop/apache-tomcat-9.0.45/webapps/ROOT] has finished in [22] ms
17-Apr-2021 08:53:52.027 INFO [main] org.apache.coyote.AbstractProtocol.start Starting ProtocolHandler ["http-nio-8080"]
17-Apr-2021 08:53:52.040 INFO [main] org.apache.catalina.startup.Catalina.start Server startup in [2705] milliseconds
17-Apr-2021 08:59:32.595 INFO [Catalina-utility-2] org.apache.catalina.startup.HostConfig.undeploy Undeploying context [/spring-mvc-app1]
17-Apr-2021 08:59:42.634 INFO [Catalina-utility-2] org.apache.catalina.startup.HostConfig.deployWAR Deploying web application archive [/home/kirill/Programming/Shop/apache-tomcat-9.0.45/webapps/spring-mvc-app1.war]
17-Apr-2021 08:59:43.239 INFO [Catalina-utility-2] org.apache.jasper.servlet.TldScanner.scanJars At least one JAR was scanned for TLDs yet contained no TLDs. Enable debug logging for this logger for a complete list of JARs that were scanned but no TLDs were found in them. Skipping unneeded JARs during scanning can improve startup time and JSP compilation time.
SLF4J: Failed to load class "org.slf4j.impl.StaticLoggerBinder".
SLF4J: Defaulting to no-operation (NOP) logger implementation
SLF4J: See http://www.slf4j.org/codes.html#StaticLoggerBinder for further details.
17-Apr-2021 08:59:44.154 INFO [Catalina-utility-2] org.apache.catalina.startup.HostConfig.deployWAR Deployment of web application archive [/home/kirill/Programming/Shop/apache-tomcat-9.0.45/webapps/spring-mvc-app1.war] has finished in [1,519] ms
17-Apr-2021 08:59:54.656 INFO [Catalina-utility-1] org.apache.catalina.startup.HostConfig.undeploy Undeploying context [/spring-mvc-app1]
17-Apr-2021 08:59:54.672 INFO [Catalina-utility-1] org.apache.catalina.startup.HostConfig.deployWAR Deploying web application archive [/home/kirill/Programming/Shop/apache-tomcat-9.0.45/webapps/spring-mvc-app1.war]
17-Apr-2021 08:59:55.247 INFO [Catalina-utility-1] org.apache.jasper.servlet.TldScanner.scanJars At least one JAR was scanned for TLDs yet contained no TLDs. Enable debug logging for this logger for a complete list of JARs that were scanned but no TLDs were found in them. Skipping unneeded JARs during scanning can improve startup time and JSP compilation time.
SLF4J: Failed to load class "org.slf4j.impl.StaticLoggerBinder".
SLF4J: Defaulting to no-operation (NOP) logger implementation
SLF4J: See http://www.slf4j.org/codes.html#StaticLoggerBinder for further details.
17-Apr-2021 08:59:55.976 INFO [Catalina-utility-1] org.apache.catalina.startup.HostConfig.deployWAR Deployment of web application archive [/home/kirill/Programming/Shop/apache-tomcat-9.0.45/webapps/spring-mvc-app1.war] has finished in [1,303] ms
17-Apr-2021 09:00:16.478 INFO [Catalina-utility-1] org.apache.catalina.startup.HostConfig.undeploy Undeploying context [/spring-mvc-app1]
17-Apr-2021 09:00:26.496 INFO [Catalina-utility-1] org.apache.catalina.startup.HostConfig.deployWAR Deploying web application archive [/home/kirill/Programming/Shop/apache-tomcat-9.0.45/webapps/spring-mvc-app1.war]
17-Apr-2021 09:00:27.034 INFO [Catalina-utility-1] org.apache.jasper.servlet.TldScanner.scanJars At least one JAR was scanned for TLDs yet contained no TLDs. Enable debug logging for this logger for a complete list of JARs that were scanned but no TLDs were found in them. Skipping unneeded JARs during scanning can improve startup time and JSP compilation time.
SLF4J: Failed to load class "org.slf4j.impl.StaticLoggerBinder".
SLF4J: Defaulting to no-operation (NOP) logger implementation
SLF4J: See http://www.slf4j.org/codes.html#StaticLoggerBinder for further details.
17-Apr-2021 09:00:27.754 INFO [Catalina-utility-1] org.apache.catalina.startup.HostConfig.deployWAR Deployment of web application archive [/home/kirill/Programming/Shop/apache-tomcat-9.0.45/webapps/spring-mvc-app1.war] has finished in [1,258] ms
17-Apr-2021 09:02:48.281 INFO [Catalina-utility-1] org.apache.catalina.startup.HostConfig.undeploy Undeploying context [/spring-mvc-app1]
17-Apr-2021 09:03:08.296 INFO [Catalina-utility-1] org.apache.catalina.startup.HostConfig.deployWAR Deploying web application archive [/home/kirill/Programming/Shop/apache-tomcat-9.0.45/webapps/spring-mvc-app1.war]
17-Apr-2021 09:03:08.863 INFO [Catalina-utility-1] org.apache.jasper.servlet.TldScanner.scanJars At least one JAR was scanned for TLDs yet contained no TLDs. Enable debug logging for this logger for a complete list of JARs that were scanned but no TLDs were found in them. Skipping unneeded JARs during scanning can improve startup time and JSP compilation time.
SLF4J: Failed to load class "org.slf4j.impl.StaticLoggerBinder".
SLF4J: Defaulting to no-operation (NOP) logger implementation
SLF4J: See http://www.slf4j.org/codes.html#StaticLoggerBinder for further details.
17-Apr-2021 09:03:09.567 INFO [Catalina-utility-1] org.apache.catalina.startup.HostConfig.deployWAR Deployment of web application archive [/home/kirill/Programming/Shop/apache-tomcat-9.0.45/webapps/spring-mvc-app1.war] has finished in [1,271] ms
17-Apr-2021 09:04:40.198 INFO [main] org.apache.catalina.core.StandardServer.await A valid shutdown command was received via the shutdown port. Stopping the Server instance.
17-Apr-2021 09:04:40.198 INFO [main] org.apache.coyote.AbstractProtocol.pause Pausing ProtocolHandler ["http-nio-8080"]
17-Apr-2021 09:04:40.209 INFO [main] org.apache.catalina.core.StandardService.stopInternal Stopping service [Catalina]
17-Apr-2021 09:04:40.239 INFO [main] org.apache.coyote.AbstractProtocol.stop Stopping ProtocolHandler ["http-nio-8080"]
17-Apr-2021 09:04:40.258 INFO [main] org.apache.coyote.AbstractProtocol.destroy Destroying ProtocolHandler ["http-nio-8080"]
NOTE: Picked up JDK_JAVA_OPTIONS:  --add-opens=java.base/java.lang=ALL-UNNAMED --add-opens=java.base/java.io=ALL-UNNAMED --add-opens=java.base/java.util=ALL-UNNAMED --add-opens=java.base/java.util.concurrent=ALL-UNNAMED --add-opens=java.rmi/sun.rmi.transport=ALL-UNNAMED
17-Apr-2021 10:53:22.115 INFO [main] org.apache.catalina.startup.VersionLoggerListener.log Server version name:   Apache Tomcat/9.0.45
17-Apr-2021 10:53:22.119 INFO [main] org.apache.catalina.startup.VersionLoggerListener.log Server built:          Mar 30 2021 10:29:04 UTC
17-Apr-2021 10:53:22.119 INFO [main] org.apache.catalina.startup.VersionLoggerListener.log Server version number: 9.0.45.0
17-Apr-2021 10:53:22.120 INFO [main] org.apache.catalina.startup.VersionLoggerListener.log OS Name:               Linux
17-Apr-2021 10:53:22.120 INFO [main] org.apache.catalina.startup.VersionLoggerListener.log OS Version:            5.11.13-arch1-1
17-Apr-2021 10:53:22.120 INFO [main] org.apache.catalina.startup.VersionLoggerListener.log Architecture:          amd64
17-Apr-2021 10:53:22.120 INFO [main] org.apache.catalina.startup.VersionLoggerListener.log Java Home:             /usr/lib/jvm/java-11-openjdk
17-Apr-2021 10:53:22.120 INFO [main] org.apache.catalina.startup.VersionLoggerListener.log JVM Version:           11.0.10+9
17-Apr-2021 10:53:22.121 INFO [main] org.apache.catalina.startup.VersionLoggerListener.log JVM Vendor:            Oracle Corporation
17-Apr-2021 10:53:22.121 INFO [main] org.apache.catalina.startup.VersionLoggerListener.log CATALINA_BASE:         /home/kirill/Programming/Shop/apache-tomcat-9.0.45
17-Apr-2021 10:53:22.121 INFO [main] org.apache.catalina.startup.VersionLoggerListener.log CATALINA_HOME:         /home/kirill/Programming/Shop/apache-tomcat-9.0.45
17-Apr-2021 10:53:22.141 INFO [main] org.apache.catalina.startup.VersionLoggerListener.log Command line argument: --add-opens=java.base/java.lang=ALL-UNNAMED
17-Apr-2021 10:53:22.141 INFO [main] org.apache.catalina.startup.VersionLoggerListener.log Command line argument: --add-opens=java.base/java.io=ALL-UNNAMED
17-Apr-2021 10:53:22.142 INFO [main] org.apache.catalina.startup.VersionLoggerListener.log Command line argument: --add-opens=java.base/java.util=ALL-UNNAMED
17-Apr-2021 10:53:22.142 INFO [main] org.apache.catalina.startup.VersionLoggerListener.log Command line argument: --add-opens=java.base/java.util.concurrent=ALL-UNNAMED
17-Apr-2021 10:53:22.142 INFO [main] org.apache.catalina.startup.VersionLoggerListener.log Command line argument: --add-opens=java.rmi/sun.rmi.transport=ALL-UNNAMED
17-Apr-2021 10:53:22.142 INFO [main] org.apache.catalina.startup.VersionLoggerListener.log Command line argument: -Djava.util.logging.config.file=/home/kirill/Programming/Shop/apache-tomcat-9.0.45/conf/logging.properties
17-Apr-2021 10:53:22.142 INFO [main] org.apache.catalina.startup.VersionLoggerListener.log Command line argument: -Djava.util.logging.manager=org.apache.juli.ClassLoaderLogManager
17-Apr-2021 10:53:22.143 INFO [main] org.apache.catalina.startup.VersionLoggerListener.log Command line argument: -Djdk.tls.ephemeralDHKeySize=2048
17-Apr-2021 10:53:22.143 INFO [main] org.apache.catalina.startup.VersionLoggerListener.log Command line argument: -Djava.protocol.handler.pkgs=org.apache.catalina.webresources
17-Apr-2021 10:53:22.143 INFO [main] org.apache.catalina.startup.VersionLoggerListener.log Command line argument: -Dorg.apache.catalina.security.SecurityListener.UMASK=0027
17-Apr-2021 10:53:22.143 INFO [main] org.apache.catalina.startup.VersionLoggerListener.log Command line argument: -Dignore.endorsed.dirs=
17-Apr-2021 10:53:22.143 INFO [main] org.apache.catalina.startup.VersionLoggerListener.log Command line argument: -Dcatalina.base=/home/kirill/Programming/Shop/apache-tomcat-9.0.45
17-Apr-2021 10:53:22.144 INFO [main] org.apache.catalina.startup.VersionLoggerListener.log Command line argument: -Dcatalina.home=/home/kirill/Programming/Shop/apache-tomcat-9.0.45
17-Apr-2021 10:53:22.144 INFO [main] org.apache.catalina.startup.VersionLoggerListener.log Command line argument: -Djava.io.tmpdir=/home/kirill/Programming/Shop/apache-tomcat-9.0.45/temp
17-Apr-2021 10:53:22.146 INFO [main] org.apache.catalina.core.AprLifecycleListener.lifecycleEvent The Apache Tomcat Native library which allows using OpenSSL was not found on the java.library.path: [/usr/java/packages/lib:/usr/lib64:/lib64:/lib:/usr/lib]
17-Apr-2021 10:53:22.589 INFO [main] org.apache.coyote.AbstractProtocol.init Initializing ProtocolHandler ["http-nio-8080"]
17-Apr-2021 10:53:22.632 INFO [main] org.apache.catalina.startup.Catalina.load Server initialization in [837] milliseconds
17-Apr-2021 10:53:22.701 INFO [main] org.apache.catalina.core.StandardService.startInternal Starting service [Catalina]
17-Apr-2021 10:53:22.702 INFO [main] org.apache.catalina.core.StandardEngine.startInternal Starting Servlet engine: [Apache Tomcat/9.0.45]
17-Apr-2021 10:53:22.723 INFO [main] org.apache.catalina.startup.HostConfig.deployWAR Deploying web application archive [/home/kirill/Programming/Shop/apache-tomcat-9.0.45/webapps/spring-mvc-app1.war]
17-Apr-2021 10:53:23.838 INFO [main] org.apache.jasper.servlet.TldScanner.scanJars At least one JAR was scanned for TLDs yet contained no TLDs. Enable debug logging for this logger for a complete list of JARs that were scanned but no TLDs were found in them. Skipping unneeded JARs during scanning can improve startup time and JSP compilation time.
SLF4J: Failed to load class "org.slf4j.impl.StaticLoggerBinder".
SLF4J: Defaulting to no-operation (NOP) logger implementation
SLF4J: See http://www.slf4j.org/codes.html#StaticLoggerBinder for further details.
17-Apr-2021 10:53:24.893 INFO [main] org.apache.catalina.startup.HostConfig.deployWAR Deployment of web application archive [/home/kirill/Programming/Shop/apache-tomcat-9.0.45/webapps/spring-mvc-app1.war] has finished in [2,169] ms
17-Apr-2021 10:53:24.894 INFO [main] org.apache.catalina.startup.HostConfig.deployDirectory Deploying web application directory [/home/kirill/Programming/Shop/apache-tomcat-9.0.45/webapps/docs]
17-Apr-2021 10:53:24.915 INFO [main] org.apache.catalina.startup.HostConfig.deployDirectory Deployment of web application directory [/home/kirill/Programming/Shop/apache-tomcat-9.0.45/webapps/docs] has finished in [22] ms
17-Apr-2021 10:53:24.916 INFO [main] org.apache.catalina.startup.HostConfig.deployDirectory Deploying web application directory [/home/kirill/Programming/Shop/apache-tomcat-9.0.45/webapps/manager]
17-Apr-2021 10:53:24.965 INFO [main] org.apache.catalina.startup.HostConfig.deployDirectory Deployment of web application directory [/home/kirill/Programming/Shop/apache-tomcat-9.0.45/webapps/manager] has finished in [49] ms
17-Apr-2021 10:53:24.966 INFO [main] org.apache.catalina.startup.HostConfig.deployDirectory Deploying web application directory [/home/kirill/Programming/Shop/apache-tomcat-9.0.45/webapps/host-manager]
17-Apr-2021 10:53:24.991 INFO [main] org.apache.catalina.startup.HostConfig.deployDirectory Deployment of web application directory [/home/kirill/Programming/Shop/apache-tomcat-9.0.45/webapps/host-manager] has finished in [25] ms
17-Apr-2021 10:53:24.991 INFO [main] org.apache.catalina.startup.HostConfig.deployDirectory Deploying web application directory [/home/kirill/Programming/Shop/apache-tomcat-9.0.45/webapps/examples]
17-Apr-2021 10:53:25.209 INFO [main] org.apache.catalina.startup.HostConfig.deployDirectory Deployment of web application directory [/home/kirill/Programming/Shop/apache-tomcat-9.0.45/webapps/examples] has finished in [218] ms
17-Apr-2021 10:53:25.210 INFO [main] org.apache.catalina.startup.HostConfig.deployDirectory Deploying web application directory [/home/kirill/Programming/Shop/apache-tomcat-9.0.45/webapps/ROOT]
17-Apr-2021 10:53:25.229 INFO [main] org.apache.catalina.startup.HostConfig.deployDirectory Deployment of web application directory [/home/kirill/Programming/Shop/apache-tomcat-9.0.45/webapps/ROOT] has finished in [19] ms
17-Apr-2021 10:53:25.237 INFO [main] org.apache.coyote.AbstractProtocol.start Starting ProtocolHandler ["http-nio-8080"]
17-Apr-2021 10:53:25.247 INFO [main] org.apache.catalina.startup.Catalina.start Server startup in [2614] milliseconds
17-Apr-2021 11:09:06.004 INFO [Thread-3] org.apache.coyote.AbstractProtocol.pause Pausing ProtocolHandler ["http-nio-8080"]
17-Apr-2021 11:09:06.015 INFO [Thread-3] org.apache.catalina.core.StandardService.stopInternal Stopping service [Catalina]
17-Apr-2021 11:09:06.066 INFO [Thread-3] org.apache.coyote.AbstractProtocol.stop Stopping ProtocolHandler ["http-nio-8080"]
17-Apr-2021 11:09:06.118 INFO [Thread-3] org.apache.coyote.AbstractProtocol.destroy Destroying ProtocolHandler ["http-nio-8080"]
NOTE: Picked up JDK_JAVA_OPTIONS:  --add-opens=java.base/java.lang=ALL-UNNAMED --add-opens=java.base/java.io=ALL-UNNAMED --add-opens=java.base/java.util=ALL-UNNAMED --add-opens=java.base/java.util.concurrent=ALL-UNNAMED --add-opens=java.rmi/sun.rmi.transport=ALL-UNNAMED
10-May-2021 15:01:35.308 INFO [main] org.apache.catalina.startup.VersionLoggerListener.log Server version name:   Apache Tomcat/9.0.45
10-May-2021 15:01:35.312 INFO [main] org.apache.catalina.startup.VersionLoggerListener.log Server built:          Mar 30 2021 10:29:04 UTC
10-May-2021 15:01:35.313 INFO [main] org.apache.catalina.startup.VersionLoggerListener.log Server version number: 9.0.45.0
10-May-2021 15:01:35.313 INFO [main] org.apache.catalina.startup.VersionLoggerListener.log OS Name:               Linux
10-May-2021 15:01:35.313 INFO [main] org.apache.catalina.startup.VersionLoggerListener.log OS Version:            5.11.16-arch1-1
10-May-2021 15:01:35.313 INFO [main] org.apache.catalina.startup.VersionLoggerListener.log Architecture:          amd64
10-May-2021 15:01:35.313 INFO [main] org.apache.catalina.startup.VersionLoggerListener.log Java Home:             /usr/lib/jvm/java-11-openjdk
10-May-2021 15:01:35.313 INFO [main] org.apache.catalina.startup.VersionLoggerListener.log JVM Version:           11.0.11+9
10-May-2021 15:01:35.313 INFO [main] org.apache.catalina.startup.VersionLoggerListener.log JVM Vendor:            Oracle Corporation
10-May-2021 15:01:35.314 INFO [main] org.apache.catalina.startup.VersionLoggerListener.log CATALINA_BASE:         /home/kirill/Programming/Shop/apache-tomcat-9.0.45
10-May-2021 15:01:35.314 INFO [main] org.apache.catalina.startup.VersionLoggerListener.log CATALINA_HOME:         /home/kirill/Programming/Shop/apache-tomcat-9.0.45
10-May-2021 15:01:35.336 INFO [main] org.apache.catalina.startup.VersionLoggerListener.log Command line argument: --add-opens=java.base/java.lang=ALL-UNNAMED
10-May-2021 15:01:35.336 INFO [main] org.apache.catalina.startup.VersionLoggerListener.log Command line argument: --add-opens=java.base/java.io=ALL-UNNAMED
10-May-2021 15:01:35.337 INFO [main] org.apache.catalina.startup.VersionLoggerListener.log Command line argument: --add-opens=java.base/java.util=ALL-UNNAMED
10-May-2021 15:01:35.337 INFO [main] org.apache.catalina.startup.VersionLoggerListener.log Command line argument: --add-opens=java.base/java.util.concurrent=ALL-UNNAMED
10-May-2021 15:01:35.337 INFO [main] org.apache.catalina.startup.VersionLoggerListener.log Command line argument: --add-opens=java.rmi/sun.rmi.transport=ALL-UNNAMED
10-May-2021 15:01:35.337 INFO [main] org.apache.catalina.startup.VersionLoggerListener.log Command line argument: -Djava.util.logging.config.file=/home/kirill/Programming/Shop/apache-tomcat-9.0.45/conf/logging.properties
10-May-2021 15:01:35.338 INFO [main] org.apache.catalina.startup.VersionLoggerListener.log Command line argument: -Djava.util.logging.manager=org.apache.juli.ClassLoaderLogManager
10-May-2021 15:01:35.338 INFO [main] org.apache.catalina.startup.VersionLoggerListener.log Command line argument: -Djdk.tls.ephemeralDHKeySize=2048
10-May-2021 15:01:35.338 INFO [main] org.apache.catalina.startup.VersionLoggerListener.log Command line argument: -Djava.protocol.handler.pkgs=org.apache.catalina.webresources
10-May-2021 15:01:35.338 INFO [main] org.apache.catalina.startup.VersionLoggerListener.log Command line argument: -Dorg.apache.catalina.security.SecurityListener.UMASK=0027
10-May-2021 15:01:35.338 INFO [main] org.apache.catalina.startup.VersionLoggerListener.log Command line argument: -Dignore.endorsed.dirs=
10-May-2021 15:01:35.339 INFO [main] org.apache.catalina.startup.VersionLoggerListener.log Command line argument: -Dcatalina.base=/home/kirill/Programming/Shop/apache-tomcat-9.0.45
10-May-2021 15:01:35.339 INFO [main] org.apache.catalina.startup.VersionLoggerListener.log Command line argument: -Dcatalina.home=/home/kirill/Programming/Shop/apache-tomcat-9.0.45
10-May-2021 15:01:35.339 INFO [main] org.apache.catalina.startup.VersionLoggerListener.log Command line argument: -Djava.io.tmpdir=/home/kirill/Programming/Shop/apache-tomcat-9.0.45/temp
10-May-2021 15:01:35.341 INFO [main] org.apache.catalina.core.AprLifecycleListener.lifecycleEvent The Apache Tomcat Native library which allows using OpenSSL was not found on the java.library.path: [/usr/java/packages/lib:/usr/lib64:/lib64:/lib:/usr/lib]
10-May-2021 15:01:35.806 INFO [main] org.apache.coyote.AbstractProtocol.init Initializing ProtocolHandler ["http-nio-8080"]
10-May-2021 15:01:35.860 INFO [main] org.apache.catalina.startup.Catalina.load Server initialization in [826] milliseconds
10-May-2021 15:01:35.947 INFO [main] org.apache.catalina.core.StandardService.startInternal Starting service [Catalina]
10-May-2021 15:01:35.947 INFO [main] org.apache.catalina.core.StandardEngine.startInternal Starting Servlet engine: [Apache Tomcat/9.0.45]
10-May-2021 15:01:35.959 INFO [main] org.apache.catalina.startup.HostConfig.deployDirectory Deploying web application directory [/home/kirill/Programming/Shop/apache-tomcat-9.0.45/webapps/shop]
10-May-2021 15:01:38.323 INFO [main] org.apache.jasper.servlet.TldScanner.scanJars At least one JAR was scanned for TLDs yet contained no TLDs. Enable debug logging for this logger for a complete list of JARs that were scanned but no TLDs were found in them. Skipping unneeded JARs during scanning can improve startup time and JSP compilation time.
ERROR StatusLogger No log4j2 configuration file found. Using default configuration: logging only errors to the console.
10-May-2021 15:01:42.926 INFO [main] org.apache.catalina.startup.HostConfig.deployDirectory Deployment of web application directory [/home/kirill/Programming/Shop/apache-tomcat-9.0.45/webapps/shop] has finished in [6,967] ms
10-May-2021 15:01:42.927 INFO [main] org.apache.catalina.startup.HostConfig.deployDirectory Deploying web application directory [/home/kirill/Programming/Shop/apache-tomcat-9.0.45/webapps/docs]
10-May-2021 15:01:42.947 INFO [main] org.apache.catalina.startup.HostConfig.deployDirectory Deployment of web application directory [/home/kirill/Programming/Shop/apache-tomcat-9.0.45/webapps/docs] has finished in [20] ms
10-May-2021 15:01:42.948 INFO [main] org.apache.catalina.startup.HostConfig.deployDirectory Deploying web application directory [/home/kirill/Programming/Shop/apache-tomcat-9.0.45/webapps/manager]
10-May-2021 15:01:42.984 INFO [main] org.apache.catalina.startup.HostConfig.deployDirectory Deployment of web application directory [/home/kirill/Programming/Shop/apache-tomcat-9.0.45/webapps/manager] has finished in [36] ms
10-May-2021 15:01:42.984 INFO [main] org.apache.catalina.startup.HostConfig.deployDirectory Deploying web application directory [/home/kirill/Programming/Shop/apache-tomcat-9.0.45/webapps/host-manager]
10-May-2021 15:01:43.008 INFO [main] org.apache.catalina.startup.HostConfig.deployDirectory Deployment of web application directory [/home/kirill/Programming/Shop/apache-tomcat-9.0.45/webapps/host-manager] has finished in [24] ms
10-May-2021 15:01:43.008 INFO [main] org.apache.catalina.startup.HostConfig.deployDirectory Deploying web application directory [/home/kirill/Programming/Shop/apache-tomcat-9.0.45/webapps/examples]
10-May-2021 15:01:43.203 INFO [main] org.apache.catalina.startup.HostConfig.deployDirectory Deployment of web application directory [/home/kirill/Programming/Shop/apache-tomcat-9.0.45/webapps/examples] has finished in [195] ms
10-May-2021 15:01:43.203 INFO [main] org.apache.catalina.startup.HostConfig.deployDirectory Deploying web application directory [/home/kirill/Programming/Shop/apache-tomcat-9.0.45/webapps/ROOT]
10-May-2021 15:01:43.222 INFO [main] org.apache.catalina.startup.HostConfig.deployDirectory Deployment of web application directory [/home/kirill/Programming/Shop/apache-tomcat-9.0.45/webapps/ROOT] has finished in [18] ms
10-May-2021 15:01:43.229 INFO [main] org.apache.coyote.AbstractProtocol.start Starting ProtocolHandler ["http-nio-8080"]
10-May-2021 15:01:43.240 INFO [main] org.apache.catalina.startup.Catalina.start Server startup in [7379] milliseconds
Hibernate: 
    select
        category0_.id as id1_0_,
        category0_.parent_id as parent_i3_0_,
        category0_.title as title2_0_ 
    from
        category category0_ 
    where
        category0_.parent_id is null
Hibernate: 
    select
        subcategor0_.parent_id as parent_i3_0_0_,
        subcategor0_.id as id1_0_0_,
        subcategor0_.id as id1_0_1_,
        subcategor0_.parent_id as parent_i3_0_1_,
        subcategor0_.title as title2_0_1_ 
    from
        category subcategor0_ 
    where
        subcategor0_.parent_id=?
Hibernate: 
    select
        subcategor0_.parent_id as parent_i3_0_0_,
        subcategor0_.id as id1_0_0_,
        subcategor0_.id as id1_0_1_,
        subcategor0_.parent_id as parent_i3_0_1_,
        subcategor0_.title as title2_0_1_ 
    from
        category subcategor0_ 
    where
        subcategor0_.parent_id=?
Hibernate: 
    select
        subcategor0_.parent_id as parent_i3_0_0_,
        subcategor0_.id as id1_0_0_,
        subcategor0_.id as id1_0_1_,
        subcategor0_.parent_id as parent_i3_0_1_,
        subcategor0_.title as title2_0_1_ 
    from
        category subcategor0_ 
    where
        subcategor0_.parent_id=?
Hibernate: 
    select
        subcategor0_.parent_id as parent_i3_0_0_,
        subcategor0_.id as id1_0_0_,
        subcategor0_.id as id1_0_1_,
        subcategor0_.parent_id as parent_i3_0_1_,
        subcategor0_.title as title2_0_1_ 
    from
        category subcategor0_ 
    where
        subcategor0_.parent_id=?
Hibernate: 
    select
        subcategor0_.parent_id as parent_i3_0_0_,
        subcategor0_.id as id1_0_0_,
        subcategor0_.id as id1_0_1_,
        subcategor0_.parent_id as parent_i3_0_1_,
        subcategor0_.title as title2_0_1_ 
    from
        category subcategor0_ 
    where
        subcategor0_.parent_id=?
Hibernate: 
    select
        subcategor0_.parent_id as parent_i3_0_0_,
        subcategor0_.id as id1_0_0_,
        subcategor0_.id as id1_0_1_,
        subcategor0_.parent_id as parent_i3_0_1_,
        subcategor0_.title as title2_0_1_ 
    from
        category subcategor0_ 
    where
        subcategor0_.parent_id=?
Hibernate: 
    select
        subcategor0_.parent_id as parent_i3_0_0_,
        subcategor0_.id as id1_0_0_,
        subcategor0_.id as id1_0_1_,
        subcategor0_.parent_id as parent_i3_0_1_,
        subcategor0_.title as title2_0_1_ 
    from
        category subcategor0_ 
    where
        subcategor0_.parent_id=?
Hibernate: 
    select
        subcategor0_.parent_id as parent_i3_0_0_,
        subcategor0_.id as id1_0_0_,
        subcategor0_.id as id1_0_1_,
        subcategor0_.parent_id as parent_i3_0_1_,
        subcategor0_.title as title2_0_1_ 
    from
        category subcategor0_ 
    where
        subcategor0_.parent_id=?
Hibernate: 
    select
        subcategor0_.parent_id as parent_i3_0_0_,
        subcategor0_.id as id1_0_0_,
        subcategor0_.id as id1_0_1_,
        subcategor0_.parent_id as parent_i3_0_1_,
        subcategor0_.title as title2_0_1_ 
    from
        category subcategor0_ 
    where
        subcategor0_.parent_id=?
Hibernate: 
    select
        subcategor0_.parent_id as parent_i3_0_0_,
        subcategor0_.id as id1_0_0_,
        subcategor0_.id as id1_0_1_,
        subcategor0_.parent_id as parent_i3_0_1_,
        subcategor0_.title as title2_0_1_ 
    from
        category subcategor0_ 
    where
        subcategor0_.parent_id=?
Hibernate: 
    select
        subcategor0_.parent_id as parent_i3_0_0_,
        subcategor0_.id as id1_0_0_,
        subcategor0_.id as id1_0_1_,
        subcategor0_.parent_id as parent_i3_0_1_,
        subcategor0_.title as title2_0_1_ 
    from
        category subcategor0_ 
    where
        subcategor0_.parent_id=?
Hibernate: 
    select
        subcategor0_.parent_id as parent_i3_0_0_,
        subcategor0_.id as id1_0_0_,
        subcategor0_.id as id1_0_1_,
        subcategor0_.parent_id as parent_i3_0_1_,
        subcategor0_.title as title2_0_1_ 
    from
        category subcategor0_ 
    where
        subcategor0_.parent_id=?
Hibernate: 
    select
        subcategor0_.parent_id as parent_i3_0_0_,
        subcategor0_.id as id1_0_0_,
        subcategor0_.id as id1_0_1_,
        subcategor0_.parent_id as parent_i3_0_1_,
        subcategor0_.title as title2_0_1_ 
    from
        category subcategor0_ 
    where
        subcategor0_.parent_id=?
Hibernate: 
    select
        subcategor0_.parent_id as parent_i3_0_0_,
        subcategor0_.id as id1_0_0_,
        subcategor0_.id as id1_0_1_,
        subcategor0_.parent_id as parent_i3_0_1_,
        subcategor0_.title as title2_0_1_ 
    from
        category subcategor0_ 
    where
        subcategor0_.parent_id=?
Hibernate: 
    select
        subcategor0_.parent_id as parent_i3_0_0_,
        subcategor0_.id as id1_0_0_,
        subcategor0_.id as id1_0_1_,
        subcategor0_.parent_id as parent_i3_0_1_,
        subcategor0_.title as title2_0_1_ 
    from
        category subcategor0_ 
    where
        subcategor0_.parent_id=?
Hibernate: 
    select
        subcategor0_.parent_id as parent_i3_0_0_,
        subcategor0_.id as id1_0_0_,
        subcategor0_.id as id1_0_1_,
        subcategor0_.parent_id as parent_i3_0_1_,
        subcategor0_.title as title2_0_1_ 
    from
        category subcategor0_ 
    where
        subcategor0_.parent_id=?
Hibernate: 
    select
        subcategor0_.parent_id as parent_i3_0_0_,
        subcategor0_.id as id1_0_0_,
        subcategor0_.id as id1_0_1_,
        subcategor0_.parent_id as parent_i3_0_1_,
        subcategor0_.title as title2_0_1_ 
    from
        category subcategor0_ 
    where
        subcategor0_.parent_id=?
Hibernate: 
    select
        subcategor0_.parent_id as parent_i3_0_0_,
        subcategor0_.id as id1_0_0_,
        subcategor0_.id as id1_0_1_,
        subcategor0_.parent_id as parent_i3_0_1_,
        subcategor0_.title as title2_0_1_ 
    from
        category subcategor0_ 
    where
        subcategor0_.parent_id=?
Hibernate: 
    select
        subcategor0_.parent_id as parent_i3_0_0_,
        subcategor0_.id as id1_0_0_,
        subcategor0_.id as id1_0_1_,
        subcategor0_.parent_id as parent_i3_0_1_,
        subcategor0_.title as title2_0_1_ 
    from
        category subcategor0_ 
    where
        subcategor0_.parent_id=?
Hibernate: 
    select
        subcategor0_.parent_id as parent_i3_0_0_,
        subcategor0_.id as id1_0_0_,
        subcategor0_.id as id1_0_1_,
        subcategor0_.parent_id as parent_i3_0_1_,
        subcategor0_.title as title2_0_1_ 
    from
        category subcategor0_ 
    where
        subcategor0_.parent_id=?
Hibernate: 
    select
        subcategor0_.parent_id as parent_i3_0_0_,
        subcategor0_.id as id1_0_0_,
        subcategor0_.id as id1_0_1_,
        subcategor0_.parent_id as parent_i3_0_1_,
        subcategor0_.title as title2_0_1_ 
    from
        category subcategor0_ 
    where
        subcategor0_.parent_id=?
Hibernate: 
    select
        subcategor0_.parent_id as parent_i3_0_0_,
        subcategor0_.id as id1_0_0_,
        subcategor0_.id as id1_0_1_,
        subcategor0_.parent_id as parent_i3_0_1_,
        subcategor0_.title as title2_0_1_ 
    from
        category subcategor0_ 
    where
        subcategor0_.parent_id=?
Hibernate: 
    select
        product0_.id as id1_2_,
        product0_.attributes as attribut2_2_,
        product0_.barcode as barcode3_2_,
        product0_.category_id as category7_2_,
        product0_.photo_id as photo_id8_2_,
        product0_.price as price4_2_,
        product0_.provider_id as provider9_2_,
        product0_.quantity_in_storage as quantity5_2_,
        product0_.short_description as short_de6_2_ 
    from
        product product0_ limit ?
Hibernate: 
    select
        user0_.id as id1_7_,
        user0_.email as email2_7_,
        user0_.name as name3_7_,
        user0_.password as password4_7_,
        user0_.phone as phone5_7_ 
    from
        shop_user user0_ 
    where
        user0_.email=?
Hibernate: 
    select
        orders0_.user_id as user_id5_6_0_,
        orders0_.id as id1_6_0_,
        orders0_.id as id1_6_1_,
        orders0_.price as price2_6_1_,
        orders0_.status as status3_6_1_,
        orders0_.submit_time as submit_t4_6_1_,
        orders0_.user_id as user_id5_6_1_ 
    from
        shop_order orders0_ 
    where
        orders0_.user_id=?
Hibernate: 
    select
        roles0_.user_id as user_id1_8_0_,
        roles0_.role_id as role_id2_8_0_,
        role1_.id as id1_5_1_,
        role1_.name as name2_5_1_ 
    from
        user_role roles0_ 
    inner join
        role role1_ 
            on roles0_.role_id=role1_.id 
    where
        roles0_.user_id=?
Hibernate: 
    select
        provider0_.id as id1_4_,
        provider0_.name as name2_4_ 
    from
        provider provider0_
Hibernate: 
    select
        product0_.id as id1_2_,
        product0_.attributes as attribut2_2_,
        product0_.barcode as barcode3_2_,
        product0_.category_id as category7_2_,
        product0_.photo_id as photo_id8_2_,
        product0_.price as price4_2_,
        product0_.provider_id as provider9_2_,
        product0_.quantity_in_storage as quantity5_2_,
        product0_.short_description as short_de6_2_ 
    from
        product product0_
Hibernate: 
    select
        category0_.id as id1_0_,
        category0_.parent_id as parent_i3_0_,
        category0_.title as title2_0_ 
    from
        category category0_ 
    where
        category0_.parent_id is not null
Hibernate: 
    select
        category0_.id as id1_0_0_,
        category0_.parent_id as parent_i3_0_0_,
        category0_.title as title2_0_0_,
        category1_.id as id1_0_1_,
        category1_.parent_id as parent_i3_0_1_,
        category1_.title as title2_0_1_ 
    from
        category category0_ 
    left outer join
        category category1_ 
            on category0_.parent_id=category1_.id 
    where
        category0_.id=?
Hibernate: 
    select
        subcategor0_.parent_id as parent_i3_0_0_,
        subcategor0_.id as id1_0_0_,
        subcategor0_.id as id1_0_1_,
        subcategor0_.parent_id as parent_i3_0_1_,
        subcategor0_.title as title2_0_1_ 
    from
        category subcategor0_ 
    where
        subcategor0_.parent_id=?
Hibernate: 
    select
        subcategor0_.parent_id as parent_i3_0_0_,
        subcategor0_.id as id1_0_0_,
        subcategor0_.id as id1_0_1_,
        subcategor0_.parent_id as parent_i3_0_1_,
        subcategor0_.title as title2_0_1_ 
    from
        category subcategor0_ 
    where
        subcategor0_.parent_id=?
Hibernate: 
    select
        subcategor0_.parent_id as parent_i3_0_0_,
        subcategor0_.id as id1_0_0_,
        subcategor0_.id as id1_0_1_,
        subcategor0_.parent_id as parent_i3_0_1_,
        subcategor0_.title as title2_0_1_ 
    from
        category subcategor0_ 
    where
        subcategor0_.parent_id=?
Hibernate: 
    select
        subcategor0_.parent_id as parent_i3_0_0_,
        subcategor0_.id as id1_0_0_,
        subcategor0_.id as id1_0_1_,
        subcategor0_.parent_id as parent_i3_0_1_,
        subcategor0_.title as title2_0_1_ 
    from
        category subcategor0_ 
    where
        subcategor0_.parent_id=?
Hibernate: 
    select
        subcategor0_.parent_id as parent_i3_0_0_,
        subcategor0_.id as id1_0_0_,
        subcategor0_.id as id1_0_1_,
        subcategor0_.parent_id as parent_i3_0_1_,
        subcategor0_.title as title2_0_1_ 
    from
        category subcategor0_ 
    where
        subcategor0_.parent_id=?
Hibernate: 
    select
        subcategor0_.parent_id as parent_i3_0_0_,
        subcategor0_.id as id1_0_0_,
        subcategor0_.id as id1_0_1_,
        subcategor0_.parent_id as parent_i3_0_1_,
        subcategor0_.title as title2_0_1_ 
    from
        category subcategor0_ 
    where
        subcategor0_.parent_id=?
Hibernate: 
    select
        subcategor0_.parent_id as parent_i3_0_0_,
        subcategor0_.id as id1_0_0_,
        subcategor0_.id as id1_0_1_,
        subcategor0_.parent_id as parent_i3_0_1_,
        subcategor0_.title as title2_0_1_ 
    from
        category subcategor0_ 
    where
        subcategor0_.parent_id=?
Hibernate: 
    select
        subcategor0_.parent_id as parent_i3_0_0_,
        subcategor0_.id as id1_0_0_,
        subcategor0_.id as id1_0_1_,
        subcategor0_.parent_id as parent_i3_0_1_,
        subcategor0_.title as title2_0_1_ 
    from
        category subcategor0_ 
    where
        subcategor0_.parent_id=?
Hibernate: 
    select
        subcategor0_.parent_id as parent_i3_0_0_,
        subcategor0_.id as id1_0_0_,
        subcategor0_.id as id1_0_1_,
        subcategor0_.parent_id as parent_i3_0_1_,
        subcategor0_.title as title2_0_1_ 
    from
        category subcategor0_ 
    where
        subcategor0_.parent_id=?
Hibernate: 
    select
        subcategor0_.parent_id as parent_i3_0_0_,
        subcategor0_.id as id1_0_0_,
        subcategor0_.id as id1_0_1_,
        subcategor0_.parent_id as parent_i3_0_1_,
        subcategor0_.title as title2_0_1_ 
    from
        category subcategor0_ 
    where
        subcategor0_.parent_id=?
Hibernate: 
    select
        subcategor0_.parent_id as parent_i3_0_0_,
        subcategor0_.id as id1_0_0_,
        subcategor0_.id as id1_0_1_,
        subcategor0_.parent_id as parent_i3_0_1_,
        subcategor0_.title as title2_0_1_ 
    from
        category subcategor0_ 
    where
        subcategor0_.parent_id=?
Hibernate: 
    select
        subcategor0_.parent_id as parent_i3_0_0_,
        subcategor0_.id as id1_0_0_,
        subcategor0_.id as id1_0_1_,
        subcategor0_.parent_id as parent_i3_0_1_,
        subcategor0_.title as title2_0_1_ 
    from
        category subcategor0_ 
    where
        subcategor0_.parent_id=?
Hibernate: 
    select
        subcategor0_.parent_id as parent_i3_0_0_,
        subcategor0_.id as id1_0_0_,
        subcategor0_.id as id1_0_1_,
        subcategor0_.parent_id as parent_i3_0_1_,
        subcategor0_.title as title2_0_1_ 
    from
        category subcategor0_ 
    where
        subcategor0_.parent_id=?
Hibernate: 
    select
        subcategor0_.parent_id as parent_i3_0_0_,
        subcategor0_.id as id1_0_0_,
        subcategor0_.id as id1_0_1_,
        subcategor0_.parent_id as parent_i3_0_1_,
        subcategor0_.title as title2_0_1_ 
    from
        category subcategor0_ 
    where
        subcategor0_.parent_id=?
Hibernate: 
    select
        subcategor0_.parent_id as parent_i3_0_0_,
        subcategor0_.id as id1_0_0_,
        subcategor0_.id as id1_0_1_,
        subcategor0_.parent_id as parent_i3_0_1_,
        subcategor0_.title as title2_0_1_ 
    from
        category subcategor0_ 
    where
        subcategor0_.parent_id=?
Hibernate: 
    select
        subcategor0_.parent_id as parent_i3_0_0_,
        subcategor0_.id as id1_0_0_,
        subcategor0_.id as id1_0_1_,
        subcategor0_.parent_id as parent_i3_0_1_,
        subcategor0_.title as title2_0_1_ 
    from
        category subcategor0_ 
    where
        subcategor0_.parent_id=?
Hibernate: 
    select
        subcategor0_.parent_id as parent_i3_0_0_,
        subcategor0_.id as id1_0_0_,
        subcategor0_.id as id1_0_1_,
        subcategor0_.parent_id as parent_i3_0_1_,
        subcategor0_.title as title2_0_1_ 
    from
        category subcategor0_ 
    where
        subcategor0_.parent_id=?
Hibernate: 
    select
        subcategor0_.parent_id as parent_i3_0_0_,
        subcategor0_.id as id1_0_0_,
        subcategor0_.id as id1_0_1_,
        subcategor0_.parent_id as parent_i3_0_1_,
        subcategor0_.title as title2_0_1_ 
    from
        category subcategor0_ 
    where
        subcategor0_.parent_id=?
Hibernate: 
    select
        subcategor0_.parent_id as parent_i3_0_0_,
        subcategor0_.id as id1_0_0_,
        subcategor0_.id as id1_0_1_,
        subcategor0_.parent_id as parent_i3_0_1_,
        subcategor0_.title as title2_0_1_ 
    from
        category subcategor0_ 
    where
        subcategor0_.parent_id=?
Hibernate: 
    select
        subcategor0_.parent_id as parent_i3_0_0_,
        subcategor0_.id as id1_0_0_,
        subcategor0_.id as id1_0_1_,
        subcategor0_.parent_id as parent_i3_0_1_,
        subcategor0_.title as title2_0_1_ 
    from
        category subcategor0_ 
    where
        subcategor0_.parent_id=?
Hibernate: 
    select
        subcategor0_.parent_id as parent_i3_0_0_,
        subcategor0_.id as id1_0_0_,
        subcategor0_.id as id1_0_1_,
        subcategor0_.parent_id as parent_i3_0_1_,
        subcategor0_.title as title2_0_1_ 
    from
        category subcategor0_ 
    where
        subcategor0_.parent_id=?
Hibernate: 
    select
        provider0_.id as id1_4_,
        provider0_.name as name2_4_ 
    from
        provider provider0_
Hibernate: 
    select
        category0_.id as id1_0_,
        category0_.parent_id as parent_i3_0_,
        category0_.title as title2_0_ 
    from
        category category0_ 
    where
        category0_.parent_id is null
Hibernate: 
    select
        subcategor0_.parent_id as parent_i3_0_0_,
        subcategor0_.id as id1_0_0_,
        subcategor0_.id as id1_0_1_,
        subcategor0_.parent_id as parent_i3_0_1_,
        subcategor0_.title as title2_0_1_ 
    from
        category subcategor0_ 
    where
        subcategor0_.parent_id=?
Hibernate: 
    select
        subcategor0_.parent_id as parent_i3_0_0_,
        subcategor0_.id as id1_0_0_,
        subcategor0_.id as id1_0_1_,
        subcategor0_.parent_id as parent_i3_0_1_,
        subcategor0_.title as title2_0_1_ 
    from
        category subcategor0_ 
    where
        subcategor0_.parent_id=?
Hibernate: 
    select
        subcategor0_.parent_id as parent_i3_0_0_,
        subcategor0_.id as id1_0_0_,
        subcategor0_.id as id1_0_1_,
        subcategor0_.parent_id as parent_i3_0_1_,
        subcategor0_.title as title2_0_1_ 
    from
        category subcategor0_ 
    where
        subcategor0_.parent_id=?
Hibernate: 
    select
        subcategor0_.parent_id as parent_i3_0_0_,
        subcategor0_.id as id1_0_0_,
        subcategor0_.id as id1_0_1_,
        subcategor0_.parent_id as parent_i3_0_1_,
        subcategor0_.title as title2_0_1_ 
    from
        category subcategor0_ 
    where
        subcategor0_.parent_id=?
Hibernate: 
    select
        subcategor0_.parent_id as parent_i3_0_0_,
        subcategor0_.id as id1_0_0_,
        subcategor0_.id as id1_0_1_,
        subcategor0_.parent_id as parent_i3_0_1_,
        subcategor0_.title as title2_0_1_ 
    from
        category subcategor0_ 
    where
        subcategor0_.parent_id=?
Hibernate: 
    select
        subcategor0_.parent_id as parent_i3_0_0_,
        subcategor0_.id as id1_0_0_,
        subcategor0_.id as id1_0_1_,
        subcategor0_.parent_id as parent_i3_0_1_,
        subcategor0_.title as title2_0_1_ 
    from
        category subcategor0_ 
    where
        subcategor0_.parent_id=?
Hibernate: 
    select
        subcategor0_.parent_id as parent_i3_0_0_,
        subcategor0_.id as id1_0_0_,
        subcategor0_.id as id1_0_1_,
        subcategor0_.parent_id as parent_i3_0_1_,
        subcategor0_.title as title2_0_1_ 
    from
        category subcategor0_ 
    where
        subcategor0_.parent_id=?
Hibernate: 
    select
        subcategor0_.parent_id as parent_i3_0_0_,
        subcategor0_.id as id1_0_0_,
        subcategor0_.id as id1_0_1_,
        subcategor0_.parent_id as parent_i3_0_1_,
        subcategor0_.title as title2_0_1_ 
    from
        category subcategor0_ 
    where
        subcategor0_.parent_id=?
Hibernate: 
    select
        subcategor0_.parent_id as parent_i3_0_0_,
        subcategor0_.id as id1_0_0_,
        subcategor0_.id as id1_0_1_,
        subcategor0_.parent_id as parent_i3_0_1_,
        subcategor0_.title as title2_0_1_ 
    from
        category subcategor0_ 
    where
        subcategor0_.parent_id=?
Hibernate: 
    select
        subcategor0_.parent_id as parent_i3_0_0_,
        subcategor0_.id as id1_0_0_,
        subcategor0_.id as id1_0_1_,
        subcategor0_.parent_id as parent_i3_0_1_,
        subcategor0_.title as title2_0_1_ 
    from
        category subcategor0_ 
    where
        subcategor0_.parent_id=?
Hibernate: 
    select
        subcategor0_.parent_id as parent_i3_0_0_,
        subcategor0_.id as id1_0_0_,
        subcategor0_.id as id1_0_1_,
        subcategor0_.parent_id as parent_i3_0_1_,
        subcategor0_.title as title2_0_1_ 
    from
        category subcategor0_ 
    where
        subcategor0_.parent_id=?
Hibernate: 
    select
        subcategor0_.parent_id as parent_i3_0_0_,
        subcategor0_.id as id1_0_0_,
        subcategor0_.id as id1_0_1_,
        subcategor0_.parent_id as parent_i3_0_1_,
        subcategor0_.title as title2_0_1_ 
    from
        category subcategor0_ 
    where
        subcategor0_.parent_id=?
Hibernate: 
    select
        subcategor0_.parent_id as parent_i3_0_0_,
        subcategor0_.id as id1_0_0_,
        subcategor0_.id as id1_0_1_,
        subcategor0_.parent_id as parent_i3_0_1_,
        subcategor0_.title as title2_0_1_ 
    from
        category subcategor0_ 
    where
        subcategor0_.parent_id=?
Hibernate: 
    select
        subcategor0_.parent_id as parent_i3_0_0_,
        subcategor0_.id as id1_0_0_,
        subcategor0_.id as id1_0_1_,
        subcategor0_.parent_id as parent_i3_0_1_,
        subcategor0_.title as title2_0_1_ 
    from
        category subcategor0_ 
    where
        subcategor0_.parent_id=?
Hibernate: 
    select
        subcategor0_.parent_id as parent_i3_0_0_,
        subcategor0_.id as id1_0_0_,
        subcategor0_.id as id1_0_1_,
        subcategor0_.parent_id as parent_i3_0_1_,
        subcategor0_.title as title2_0_1_ 
    from
        category subcategor0_ 
    where
        subcategor0_.parent_id=?
Hibernate: 
    select
        subcategor0_.parent_id as parent_i3_0_0_,
        subcategor0_.id as id1_0_0_,
        subcategor0_.id as id1_0_1_,
        subcategor0_.parent_id as parent_i3_0_1_,
        subcategor0_.title as title2_0_1_ 
    from
        category subcategor0_ 
    where
        subcategor0_.parent_id=?
Hibernate: 
    select
        subcategor0_.parent_id as parent_i3_0_0_,
        subcategor0_.id as id1_0_0_,
        subcategor0_.id as id1_0_1_,
        subcategor0_.parent_id as parent_i3_0_1_,
        subcategor0_.title as title2_0_1_ 
    from
        category subcategor0_ 
    where
        subcategor0_.parent_id=?
Hibernate: 
    select
        subcategor0_.parent_id as parent_i3_0_0_,
        subcategor0_.id as id1_0_0_,
        subcategor0_.id as id1_0_1_,
        subcategor0_.parent_id as parent_i3_0_1_,
        subcategor0_.title as title2_0_1_ 
    from
        category subcategor0_ 
    where
        subcategor0_.parent_id=?
Hibernate: 
    select
        subcategor0_.parent_id as parent_i3_0_0_,
        subcategor0_.id as id1_0_0_,
        subcategor0_.id as id1_0_1_,
        subcategor0_.parent_id as parent_i3_0_1_,
        subcategor0_.title as title2_0_1_ 
    from
        category subcategor0_ 
    where
        subcategor0_.parent_id=?
Hibernate: 
    select
        subcategor0_.parent_id as parent_i3_0_0_,
        subcategor0_.id as id1_0_0_,
        subcategor0_.id as id1_0_1_,
        subcategor0_.parent_id as parent_i3_0_1_,
        subcategor0_.title as title2_0_1_ 
    from
        category subcategor0_ 
    where
        subcategor0_.parent_id=?
Hibernate: 
    select
        subcategor0_.parent_id as parent_i3_0_0_,
        subcategor0_.id as id1_0_0_,
        subcategor0_.id as id1_0_1_,
        subcategor0_.parent_id as parent_i3_0_1_,
        subcategor0_.title as title2_0_1_ 
    from
        category subcategor0_ 
    where
        subcategor0_.parent_id=?
Hibernate: 
    select
        subcategor0_.parent_id as parent_i3_0_0_,
        subcategor0_.id as id1_0_0_,
        subcategor0_.id as id1_0_1_,
        subcategor0_.parent_id as parent_i3_0_1_,
        subcategor0_.title as title2_0_1_ 
    from
        category subcategor0_ 
    where
        subcategor0_.parent_id=?
Hibernate: 
    select
        user0_.id as id1_7_,
        user0_.email as email2_7_,
        user0_.name as name3_7_,
        user0_.password as password4_7_,
        user0_.phone as phone5_7_ 
    from
        shop_user user0_
Hibernate: 
    select
        orders0_.user_id as user_id5_6_0_,
        orders0_.id as id1_6_0_,
        orders0_.id as id1_6_1_,
        orders0_.price as price2_6_1_,
        orders0_.status as status3_6_1_,
        orders0_.submit_time as submit_t4_6_1_,
        orders0_.user_id as user_id5_6_1_ 
    from
        shop_order orders0_ 
    where
        orders0_.user_id=?
Hibernate: 
    select
        orders0_.user_id as user_id5_6_0_,
        orders0_.id as id1_6_0_,
        orders0_.id as id1_6_1_,
        orders0_.price as price2_6_1_,
        orders0_.status as status3_6_1_,
        orders0_.submit_time as submit_t4_6_1_,
        orders0_.user_id as user_id5_6_1_ 
    from
        shop_order orders0_ 
    where
        orders0_.user_id=?
Hibernate: 
    select
        orders0_.user_id as user_id5_6_0_,
        orders0_.id as id1_6_0_,
        orders0_.id as id1_6_1_,
        orders0_.price as price2_6_1_,
        orders0_.status as status3_6_1_,
        orders0_.submit_time as submit_t4_6_1_,
        orders0_.user_id as user_id5_6_1_ 
    from
        shop_order orders0_ 
    where
        orders0_.user_id=?
Hibernate: 
    select
        orders0_.user_id as user_id5_6_0_,
        orders0_.id as id1_6_0_,
        orders0_.id as id1_6_1_,
        orders0_.price as price2_6_1_,
        orders0_.status as status3_6_1_,
        orders0_.submit_time as submit_t4_6_1_,
        orders0_.user_id as user_id5_6_1_ 
    from
        shop_order orders0_ 
    where
        orders0_.user_id=?
Hibernate: 
    select
        roles0_.user_id as user_id1_8_0_,
        roles0_.role_id as role_id2_8_0_,
        role1_.id as id1_5_1_,
        role1_.name as name2_5_1_ 
    from
        user_role roles0_ 
    inner join
        role role1_ 
            on roles0_.role_id=role1_.id 
    where
        roles0_.user_id=?
Hibernate: 
    select
        roles0_.user_id as user_id1_8_0_,
        roles0_.role_id as role_id2_8_0_,
        role1_.id as id1_5_1_,
        role1_.name as name2_5_1_ 
    from
        user_role roles0_ 
    inner join
        role role1_ 
            on roles0_.role_id=role1_.id 
    where
        roles0_.user_id=?
Hibernate: 
    select
        roles0_.user_id as user_id1_8_0_,
        roles0_.role_id as role_id2_8_0_,
        role1_.id as id1_5_1_,
        role1_.name as name2_5_1_ 
    from
        user_role roles0_ 
    inner join
        role role1_ 
            on roles0_.role_id=role1_.id 
    where
        roles0_.user_id=?
Hibernate: 
    select
        roles0_.user_id as user_id1_8_0_,
        roles0_.role_id as role_id2_8_0_,
        role1_.id as id1_5_1_,
        role1_.name as name2_5_1_ 
    from
        user_role roles0_ 
    inner join
        role role1_ 
            on roles0_.role_id=role1_.id 
    where
        roles0_.user_id=?
10-May-2021 15:04:22.120 INFO [Thread-3] org.apache.coyote.AbstractProtocol.pause Pausing ProtocolHandler ["http-nio-8080"]
10-May-2021 15:04:22.131 INFO [Thread-3] org.apache.catalina.core.StandardService.stopInternal Stopping service [Catalina]
10-May-2021 15:04:22.198 WARNING [Thread-3] org.apache.catalina.loader.WebappClassLoaderBase.clearReferencesJdbc The web application [shop] registered the JDBC driver [org.postgresql.Driver] but failed to unregister it when the web application was stopped. To prevent a memory leak, the JDBC Driver has been forcibly unregistered.
10-May-2021 15:04:22.212 INFO [Thread-3] org.apache.coyote.AbstractProtocol.stop Stopping ProtocolHandler ["http-nio-8080"]
10-May-2021 15:04:22.230 INFO [Thread-3] org.apache.coyote.AbstractProtocol.destroy Destroying ProtocolHandler ["http-nio-8080"]
NOTE: Picked up JDK_JAVA_OPTIONS:  --add-opens=java.base/java.lang=ALL-UNNAMED --add-opens=java.base/java.io=ALL-UNNAMED --add-opens=java.base/java.util=ALL-UNNAMED --add-opens=java.base/java.util.concurrent=ALL-UNNAMED --add-opens=java.rmi/sun.rmi.transport=ALL-UNNAMED
21-May-2021 09:18:11.274 INFO [main] org.apache.catalina.startup.VersionLoggerListener.log Server version name:   Apache Tomcat/9.0.45
21-May-2021 09:18:11.278 INFO [main] org.apache.catalina.startup.VersionLoggerListener.log Server built:          Mar 30 2021 10:29:04 UTC
21-May-2021 09:18:11.278 INFO [main] org.apache.catalina.startup.VersionLoggerListener.log Server version number: 9.0.45.0
21-May-2021 09:18:11.278 INFO [main] org.apache.catalina.startup.VersionLoggerListener.log OS Name:               Linux
21-May-2021 09:18:11.278 INFO [main] org.apache.catalina.startup.VersionLoggerListener.log OS Version:            5.10.38-1-lts
21-May-2021 09:18:11.278 INFO [main] org.apache.catalina.startup.VersionLoggerListener.log Architecture:          amd64
21-May-2021 09:18:11.278 INFO [main] org.apache.catalina.startup.VersionLoggerListener.log Java Home:             /usr/lib/jvm/java-11-openjdk
21-May-2021 09:18:11.278 INFO [main] org.apache.catalina.startup.VersionLoggerListener.log JVM Version:           11.0.11+9
21-May-2021 09:18:11.279 INFO [main] org.apache.catalina.startup.VersionLoggerListener.log JVM Vendor:            Oracle Corporation
21-May-2021 09:18:11.279 INFO [main] org.apache.catalina.startup.VersionLoggerListener.log CATALINA_BASE:         /home/kirill/Programming/Shop/apache-tomcat-9.0.45
21-May-2021 09:18:11.279 INFO [main] org.apache.catalina.startup.VersionLoggerListener.log CATALINA_HOME:         /home/kirill/Programming/Shop/apache-tomcat-9.0.45
21-May-2021 09:18:11.288 INFO [main] org.apache.catalina.startup.VersionLoggerListener.log Command line argument: --add-opens=java.base/java.lang=ALL-UNNAMED
21-May-2021 09:18:11.289 INFO [main] org.apache.catalina.startup.VersionLoggerListener.log Command line argument: --add-opens=java.base/java.io=ALL-UNNAMED
21-May-2021 09:18:11.289 INFO [main] org.apache.catalina.startup.VersionLoggerListener.log Command line argument: --add-opens=java.base/java.util=ALL-UNNAMED
21-May-2021 09:18:11.289 INFO [main] org.apache.catalina.startup.VersionLoggerListener.log Command line argument: --add-opens=java.base/java.util.concurrent=ALL-UNNAMED
21-May-2021 09:18:11.289 INFO [main] org.apache.catalina.startup.VersionLoggerListener.log Command line argument: --add-opens=java.rmi/sun.rmi.transport=ALL-UNNAMED
21-May-2021 09:18:11.289 INFO [main] org.apache.catalina.startup.VersionLoggerListener.log Command line argument: -Djava.util.logging.config.file=/home/kirill/Programming/Shop/apache-tomcat-9.0.45/conf/logging.properties
21-May-2021 09:18:11.289 INFO [main] org.apache.catalina.startup.VersionLoggerListener.log Command line argument: -Djava.util.logging.manager=org.apache.juli.ClassLoaderLogManager
21-May-2021 09:18:11.289 INFO [main] org.apache.catalina.startup.VersionLoggerListener.log Command line argument: -Djdk.tls.ephemeralDHKeySize=2048
21-May-2021 09:18:11.289 INFO [main] org.apache.catalina.startup.VersionLoggerListener.log Command line argument: -Djava.protocol.handler.pkgs=org.apache.catalina.webresources
21-May-2021 09:18:11.290 INFO [main] org.apache.catalina.startup.VersionLoggerListener.log Command line argument: -Dorg.apache.catalina.security.SecurityListener.UMASK=0027
21-May-2021 09:18:11.290 INFO [main] org.apache.catalina.startup.VersionLoggerListener.log Command line argument: -Dignore.endorsed.dirs=
21-May-2021 09:18:11.290 INFO [main] org.apache.catalina.startup.VersionLoggerListener.log Command line argument: -Dcatalina.base=/home/kirill/Programming/Shop/apache-tomcat-9.0.45
21-May-2021 09:18:11.290 INFO [main] org.apache.catalina.startup.VersionLoggerListener.log Command line argument: -Dcatalina.home=/home/kirill/Programming/Shop/apache-tomcat-9.0.45
21-May-2021 09:18:11.290 INFO [main] org.apache.catalina.startup.VersionLoggerListener.log Command line argument: -Djava.io.tmpdir=/home/kirill/Programming/Shop/apache-tomcat-9.0.45/temp
21-May-2021 09:18:11.291 INFO [main] org.apache.catalina.core.AprLifecycleListener.lifecycleEvent The Apache Tomcat Native library which allows using OpenSSL was not found on the java.library.path: [/usr/java/packages/lib:/usr/lib64:/lib64:/lib:/usr/lib]
21-May-2021 09:18:11.671 INFO [main] org.apache.coyote.AbstractProtocol.init Initializing ProtocolHandler ["http-nio-8080"]
21-May-2021 09:18:11.712 INFO [main] org.apache.catalina.startup.Catalina.load Server initialization in [627] milliseconds
21-May-2021 09:18:11.797 INFO [main] org.apache.catalina.core.StandardService.startInternal Starting service [Catalina]
21-May-2021 09:18:11.798 INFO [main] org.apache.catalina.core.StandardEngine.startInternal Starting Servlet engine: [Apache Tomcat/9.0.45]
21-May-2021 09:18:11.811 INFO [main] org.apache.catalina.startup.HostConfig.deployDirectory Deploying web application directory [/home/kirill/Programming/Shop/apache-tomcat-9.0.45/webapps/shop]
21-May-2021 09:18:14.722 INFO [main] org.apache.jasper.servlet.TldScanner.scanJars At least one JAR was scanned for TLDs yet contained no TLDs. Enable debug logging for this logger for a complete list of JARs that were scanned but no TLDs were found in them. Skipping unneeded JARs during scanning can improve startup time and JSP compilation time.
21-May-2021 09:18:21.226 INFO [main] org.apache.catalina.startup.HostConfig.deployDirectory Deployment of web application directory [/home/kirill/Programming/Shop/apache-tomcat-9.0.45/webapps/shop] has finished in [9,415] ms
21-May-2021 09:18:21.226 INFO [main] org.apache.catalina.startup.HostConfig.deployDirectory Deploying web application directory [/home/kirill/Programming/Shop/apache-tomcat-9.0.45/webapps/docs]
21-May-2021 09:18:21.244 INFO [main] org.apache.catalina.startup.HostConfig.deployDirectory Deployment of web application directory [/home/kirill/Programming/Shop/apache-tomcat-9.0.45/webapps/docs] has finished in [18] ms
21-May-2021 09:18:21.245 INFO [main] org.apache.catalina.startup.HostConfig.deployDirectory Deploying web application directory [/home/kirill/Programming/Shop/apache-tomcat-9.0.45/webapps/manager]
21-May-2021 09:18:21.275 INFO [main] org.apache.catalina.startup.HostConfig.deployDirectory Deployment of web application directory [/home/kirill/Programming/Shop/apache-tomcat-9.0.45/webapps/manager] has finished in [30] ms
21-May-2021 09:18:21.276 INFO [main] org.apache.catalina.startup.HostConfig.deployDirectory Deploying web application directory [/home/kirill/Programming/Shop/apache-tomcat-9.0.45/webapps/host-manager]
21-May-2021 09:18:21.296 INFO [main] org.apache.catalina.startup.HostConfig.deployDirectory Deployment of web application directory [/home/kirill/Programming/Shop/apache-tomcat-9.0.45/webapps/host-manager] has finished in [20] ms
21-May-2021 09:18:21.296 INFO [main] org.apache.catalina.startup.HostConfig.deployDirectory Deploying web application directory [/home/kirill/Programming/Shop/apache-tomcat-9.0.45/webapps/examples]
21-May-2021 09:18:21.490 INFO [main] org.apache.catalina.startup.HostConfig.deployDirectory Deployment of web application directory [/home/kirill/Programming/Shop/apache-tomcat-9.0.45/webapps/examples] has finished in [194] ms
21-May-2021 09:18:21.490 INFO [main] org.apache.catalina.startup.HostConfig.deployDirectory Deploying web application directory [/home/kirill/Programming/Shop/apache-tomcat-9.0.45/webapps/ROOT]
21-May-2021 09:18:21.507 INFO [main] org.apache.catalina.startup.HostConfig.deployDirectory Deployment of web application directory [/home/kirill/Programming/Shop/apache-tomcat-9.0.45/webapps/ROOT] has finished in [16] ms
21-May-2021 09:18:21.511 INFO [main] org.apache.coyote.AbstractProtocol.start Starting ProtocolHandler ["http-nio-8080"]
21-May-2021 09:18:21.521 INFO [main] org.apache.catalina.startup.Catalina.start Server startup in [9807] milliseconds
2021-05-21 09:18:22 INFO  LogExceptionHandlerAspect:26 - Method "List by.itacademy.shop.api.services.CategoryService.getParentCategories(Lang)" ([RU]) was executed ! 
2021-05-21 09:18:28 INFO  LogExceptionHandlerAspect:26 - Method "List by.itacademy.shop.api.services.CategoryService.getParentCategories(Lang)" ([RU]) was executed ! 
2021-05-21 09:18:34 INFO  LogExceptionHandlerAspect:26 - Method "List by.itacademy.shop.api.services.CategoryService.getParentCategories(Lang)" ([RU]) was executed ! 
2021-05-21 09:18:36 INFO  LogExceptionHandlerAspect:26 - Method "List by.itacademy.shop.api.services.CategoryService.getParentCategories(Lang)" ([RU]) was executed ! 
2021-05-21 09:18:44 INFO  LogExceptionHandlerAspect:26 - Method "List by.itacademy.shop.api.services.CategoryService.getParentCategories(Lang)" ([RU]) was executed ! 
2021-05-21 09:18:48 INFO  LogExceptionHandlerAspect:26 - Method "List by.itacademy.shop.api.services.CategoryService.getParentCategories(Lang)" ([RU]) was executed ! 
2021-05-21 09:18:54 INFO  LogExceptionHandlerAspect:26 - Method "List by.itacademy.shop.api.services.CategoryService.getParentCategories(Lang)" ([RU]) was executed ! 
2021-05-21 09:19:00 INFO  LogExceptionHandlerAspect:26 - Method "List by.itacademy.shop.api.services.CategoryService.getParentCategories(Lang)" ([RU]) was executed ! 
2021-05-21 09:19:05 INFO  LogExceptionHandlerAspect:26 - Method "List by.itacademy.shop.api.services.CategoryService.getParentCategories(Lang)" ([RU]) was executed ! 
2021-05-21 09:19:12 INFO  LogExceptionHandlerAspect:26 - Method "List by.itacademy.shop.api.services.CategoryService.getParentCategories(Lang)" ([RU]) was executed ! 
2021-05-21 09:19:18 INFO  LogExceptionHandlerAspect:26 - Method "List by.itacademy.shop.api.services.CategoryService.getParentCategories(Lang)" ([RU]) was executed ! 
2021-05-21 09:20:05 INFO  LogExceptionHandlerAspect:26 - Method "List by.itacademy.shop.api.services.CategoryService.getParentCategories(Lang)" ([RU]) was executed ! 
2021-05-21 09:20:14 INFO  LogExceptionHandlerAspect:26 - Method "List by.itacademy.shop.api.services.CategoryService.getParentCategories(Lang)" ([RU]) was executed ! 
2021-05-21 09:20:19 INFO  LogExceptionHandlerAspect:26 - Method "List by.itacademy.shop.api.services.CategoryService.getParentCategories(Lang)" ([RU]) was executed ! 
2021-05-21 09:21:05 INFO  LogExceptionHandlerAspect:26 - Method "List by.itacademy.shop.api.services.CategoryService.getParentCategories(Lang)" ([RU]) was executed ! 
2021-05-21 09:21:07 INFO  LogExceptionHandlerAspect:26 - Method "List by.itacademy.shop.api.services.CategoryService.getParentCategories(Lang)" ([RU]) was executed ! 
2021-05-21 09:21:17 INFO  LogExceptionHandlerAspect:26 - Method "List by.itacademy.shop.api.services.CategoryService.getParentCategories(Lang)" ([RU]) was executed ! 
2021-05-21 09:21:47 INFO  LogExceptionHandlerAspect:26 - Method "List by.itacademy.shop.api.services.CategoryService.getParentCategories(Lang)" ([RU]) was executed ! 
21-May-2021 09:23:48.523 WARNING [main] org.apache.catalina.core.StandardServer.await Invalid shutdown command [] received
2021-05-21 09:24:00 INFO  LogExceptionHandlerAspect:26 - Method "List by.itacademy.shop.api.services.CategoryService.getParentCategories(Lang)" ([RU]) was executed ! 
21-May-2021 09:30:52.473 INFO [main] org.apache.catalina.core.StandardServer.await A valid shutdown command was received via the shutdown port. Stopping the Server instance.
21-May-2021 09:30:52.474 INFO [main] org.apache.coyote.AbstractProtocol.pause Pausing ProtocolHandler ["http-nio-8080"]
21-May-2021 09:30:52.481 INFO [main] org.apache.catalina.core.StandardService.stopInternal Stopping service [Catalina]
21-May-2021 09:30:52.521 WARNING [main] org.apache.catalina.loader.WebappClassLoaderBase.clearReferencesJdbc The web application [shop] registered the JDBC driver [org.postgresql.Driver] but failed to unregister it when the web application was stopped. To prevent a memory leak, the JDBC Driver has been forcibly unregistered.
21-May-2021 09:30:52.530 INFO [main] org.apache.coyote.AbstractProtocol.stop Stopping ProtocolHandler ["http-nio-8080"]
21-May-2021 09:30:52.580 INFO [main] org.apache.coyote.AbstractProtocol.destroy Destroying ProtocolHandler ["http-nio-8080"]
NOTE: Picked up JDK_JAVA_OPTIONS:  --add-opens=java.base/java.lang=ALL-UNNAMED --add-opens=java.base/java.io=ALL-UNNAMED --add-opens=java.base/java.util=ALL-UNNAMED --add-opens=java.base/java.util.concurrent=ALL-UNNAMED --add-opens=java.rmi/sun.rmi.transport=ALL-UNNAMED
07-Jun-2021 18:06:34.822 INFO [main] org.apache.catalina.startup.VersionLoggerListener.log Server version name:   Apache Tomcat/9.0.45
07-Jun-2021 18:06:34.827 INFO [main] org.apache.catalina.startup.VersionLoggerListener.log Server built:          Mar 30 2021 10:29:04 UTC
07-Jun-2021 18:06:34.827 INFO [main] org.apache.catalina.startup.VersionLoggerListener.log Server version number: 9.0.45.0
07-Jun-2021 18:06:34.827 INFO [main] org.apache.catalina.startup.VersionLoggerListener.log OS Name:               Linux
07-Jun-2021 18:06:34.827 INFO [main] org.apache.catalina.startup.VersionLoggerListener.log OS Version:            5.8.0-55-generic
07-Jun-2021 18:06:34.827 INFO [main] org.apache.catalina.startup.VersionLoggerListener.log Architecture:          amd64
07-Jun-2021 18:06:34.827 INFO [main] org.apache.catalina.startup.VersionLoggerListener.log Java Home:             /usr/lib/jvm/java-11-openjdk-amd64
07-Jun-2021 18:06:34.827 INFO [main] org.apache.catalina.startup.VersionLoggerListener.log JVM Version:           11.0.11+9-Ubuntu-0ubuntu2.20.04
07-Jun-2021 18:06:34.828 INFO [main] org.apache.catalina.startup.VersionLoggerListener.log JVM Vendor:            Ubuntu
07-Jun-2021 18:06:34.828 INFO [main] org.apache.catalina.startup.VersionLoggerListener.log CATALINA_BASE:         /home/user/projects/Shop/apache-tomcat-9.0.45
07-Jun-2021 18:06:34.828 INFO [main] org.apache.catalina.startup.VersionLoggerListener.log CATALINA_HOME:         /home/user/projects/Shop/apache-tomcat-9.0.45
07-Jun-2021 18:06:34.845 INFO [main] org.apache.catalina.startup.VersionLoggerListener.log Command line argument: --add-opens=java.base/java.lang=ALL-UNNAMED
07-Jun-2021 18:06:34.845 INFO [main] org.apache.catalina.startup.VersionLoggerListener.log Command line argument: --add-opens=java.base/java.io=ALL-UNNAMED
07-Jun-2021 18:06:34.845 INFO [main] org.apache.catalina.startup.VersionLoggerListener.log Command line argument: --add-opens=java.base/java.util=ALL-UNNAMED
07-Jun-2021 18:06:34.845 INFO [main] org.apache.catalina.startup.VersionLoggerListener.log Command line argument: --add-opens=java.base/java.util.concurrent=ALL-UNNAMED
07-Jun-2021 18:06:34.845 INFO [main] org.apache.catalina.startup.VersionLoggerListener.log Command line argument: --add-opens=java.rmi/sun.rmi.transport=ALL-UNNAMED
07-Jun-2021 18:06:34.845 INFO [main] org.apache.catalina.startup.VersionLoggerListener.log Command line argument: -Djava.util.logging.config.file=/home/user/projects/Shop/apache-tomcat-9.0.45/conf/logging.properties
07-Jun-2021 18:06:34.846 INFO [main] org.apache.catalina.startup.VersionLoggerListener.log Command line argument: -Djava.util.logging.manager=org.apache.juli.ClassLoaderLogManager
07-Jun-2021 18:06:34.846 INFO [main] org.apache.catalina.startup.VersionLoggerListener.log Command line argument: -Djdk.tls.ephemeralDHKeySize=2048
07-Jun-2021 18:06:34.846 INFO [main] org.apache.catalina.startup.VersionLoggerListener.log Command line argument: -Djava.protocol.handler.pkgs=org.apache.catalina.webresources
07-Jun-2021 18:06:34.846 INFO [main] org.apache.catalina.startup.VersionLoggerListener.log Command line argument: -Dorg.apache.catalina.security.SecurityListener.UMASK=0027
07-Jun-2021 18:06:34.846 INFO [main] org.apache.catalina.startup.VersionLoggerListener.log Command line argument: -Dignore.endorsed.dirs=
07-Jun-2021 18:06:34.847 INFO [main] org.apache.catalina.startup.VersionLoggerListener.log Command line argument: -Dcatalina.base=/home/user/projects/Shop/apache-tomcat-9.0.45
07-Jun-2021 18:06:34.847 INFO [main] org.apache.catalina.startup.VersionLoggerListener.log Command line argument: -Dcatalina.home=/home/user/projects/Shop/apache-tomcat-9.0.45
07-Jun-2021 18:06:34.847 INFO [main] org.apache.catalina.startup.VersionLoggerListener.log Command line argument: -Djava.io.tmpdir=/home/user/projects/Shop/apache-tomcat-9.0.45/temp
07-Jun-2021 18:06:34.848 INFO [main] org.apache.catalina.core.AprLifecycleListener.lifecycleEvent The Apache Tomcat Native library which allows using OpenSSL was not found on the java.library.path: [/usr/java/packages/lib:/usr/lib/x86_64-linux-gnu/jni:/lib/x86_64-linux-gnu:/usr/lib/x86_64-linux-gnu:/usr/lib/jni:/lib:/usr/lib]
07-Jun-2021 18:06:35.118 INFO [main] org.apache.coyote.AbstractProtocol.init Initializing ProtocolHandler ["http-nio-8080"]
07-Jun-2021 18:06:35.149 INFO [main] org.apache.catalina.startup.Catalina.load Server initialization in [483] milliseconds
07-Jun-2021 18:06:35.202 INFO [main] org.apache.catalina.core.StandardService.startInternal Starting service [Catalina]
07-Jun-2021 18:06:35.203 INFO [main] org.apache.catalina.core.StandardEngine.startInternal Starting Servlet engine: [Apache Tomcat/9.0.45]
07-Jun-2021 18:06:35.213 INFO [main] org.apache.catalina.startup.HostConfig.deployDirectory Deploying web application directory [/home/user/projects/Shop/apache-tomcat-9.0.45/webapps/docs]
07-Jun-2021 18:06:35.384 INFO [main] org.apache.catalina.startup.HostConfig.deployDirectory Deployment of web application directory [/home/user/projects/Shop/apache-tomcat-9.0.45/webapps/docs] has finished in [170] ms
07-Jun-2021 18:06:35.384 INFO [main] org.apache.catalina.startup.HostConfig.deployDirectory Deploying web application directory [/home/user/projects/Shop/apache-tomcat-9.0.45/webapps/manager]
07-Jun-2021 18:06:35.421 INFO [main] org.apache.catalina.startup.HostConfig.deployDirectory Deployment of web application directory [/home/user/projects/Shop/apache-tomcat-9.0.45/webapps/manager] has finished in [37] ms
07-Jun-2021 18:06:35.421 INFO [main] org.apache.catalina.startup.HostConfig.deployDirectory Deploying web application directory [/home/user/projects/Shop/apache-tomcat-9.0.45/webapps/ROOT]
07-Jun-2021 18:06:35.435 INFO [main] org.apache.catalina.startup.HostConfig.deployDirectory Deployment of web application directory [/home/user/projects/Shop/apache-tomcat-9.0.45/webapps/ROOT] has finished in [14] ms
07-Jun-2021 18:06:35.435 INFO [main] org.apache.catalina.startup.HostConfig.deployDirectory Deploying web application directory [/home/user/projects/Shop/apache-tomcat-9.0.45/webapps/host-manager]
07-Jun-2021 18:06:35.453 INFO [main] org.apache.catalina.startup.HostConfig.deployDirectory Deployment of web application directory [/home/user/projects/Shop/apache-tomcat-9.0.45/webapps/host-manager] has finished in [18] ms
07-Jun-2021 18:06:35.453 INFO [main] org.apache.catalina.startup.HostConfig.deployDirectory Deploying web application directory [/home/user/projects/Shop/apache-tomcat-9.0.45/webapps/shop]
07-Jun-2021 18:06:36.902 INFO [main] org.apache.jasper.servlet.TldScanner.scanJars At least one JAR was scanned for TLDs yet contained no TLDs. Enable debug logging for this logger for a complete list of JARs that were scanned but no TLDs were found in them. Skipping unneeded JARs during scanning can improve startup time and JSP compilation time.
07-Jun-2021 18:06:40.361 INFO [main] liquibase.lockservice.null Successfully acquired change log lock
07-Jun-2021 18:06:40.366 INFO [main] liquibase.servicelocator.null Cannot load service: liquibase.parser.ChangeLogParser: liquibase.parser.core.json.JsonChangeLogParser Unable to get public no-arg constructor
07-Jun-2021 18:06:40.369 INFO [main] liquibase.servicelocator.null Cannot load service: liquibase.parser.ChangeLogParser: liquibase.parser.core.yaml.YamlChangeLogParser Unable to get public no-arg constructor
07-Jun-2021 18:06:40.930 INFO [main] liquibase.changelog.null Reading from public.databasechangelog
07-Jun-2021 18:06:41.002 INFO [main] liquibase.servicelocator.null Cannot load service: liquibase.hub.HubService: Provider liquibase.hub.core.StandardHubService could not be instantiated
07-Jun-2021 18:06:41.011 INFO [main] liquibase.lockservice.null Successfully released change log lock
07-Jun-2021 18:06:41.628 INFO [main] liquibase.lockservice.null Successfully acquired change log lock
07-Jun-2021 18:06:41.840 INFO [main] liquibase.changelog.null Reading from public.databasechangelog
07-Jun-2021 18:06:41.864 INFO [main] liquibase.lockservice.null Successfully released change log lock
07-Jun-2021 18:06:41.907 INFO [main] org.apache.catalina.startup.HostConfig.deployDirectory Deployment of web application directory [/home/user/projects/Shop/apache-tomcat-9.0.45/webapps/shop] has finished in [6,454] ms
07-Jun-2021 18:06:41.908 INFO [main] org.apache.catalina.startup.HostConfig.deployDirectory Deploying web application directory [/home/user/projects/Shop/apache-tomcat-9.0.45/webapps/examples]
07-Jun-2021 18:06:42.020 INFO [main] org.apache.catalina.startup.HostConfig.deployDirectory Deployment of web application directory [/home/user/projects/Shop/apache-tomcat-9.0.45/webapps/examples] has finished in [111] ms
07-Jun-2021 18:06:42.032 INFO [main] org.apache.coyote.AbstractProtocol.start Starting ProtocolHandler ["http-nio-8080"]
07-Jun-2021 18:06:42.042 INFO [main] org.apache.catalina.startup.Catalina.start Server startup in [6892] milliseconds
2021-06-07 18:06:44 INFO  LogExceptionHandlerAspect:26 - Method "List by.itacademy.shop.api.services.CategoryService.getParentCategories(Lang)" ([RU]) was executed ! 
2021-06-07 18:07:05 INFO  LogExceptionHandlerAspect:26 - Method "List by.itacademy.shop.api.services.CategoryService.getParentCategories(Lang)" ([RU]) was executed ! 
07-Jun-2021 18:07:18.915 INFO [main] org.apache.catalina.core.StandardServer.await A valid shutdown command was received via the shutdown port. Stopping the Server instance.
07-Jun-2021 18:07:18.916 INFO [main] org.apache.coyote.AbstractProtocol.pause Pausing ProtocolHandler ["http-nio-8080"]
07-Jun-2021 18:07:18.922 INFO [main] org.apache.catalina.core.StandardService.stopInternal Stopping service [Catalina]
07-Jun-2021 18:07:18.960 WARNING [main] org.apache.catalina.loader.WebappClassLoaderBase.clearReferencesJdbc The web application [shop] registered the JDBC driver [org.postgresql.Driver] but failed to unregister it when the web application was stopped. To prevent a memory leak, the JDBC Driver has been forcibly unregistered.
07-Jun-2021 18:07:18.970 INFO [main] org.apache.coyote.AbstractProtocol.stop Stopping ProtocolHandler ["http-nio-8080"]
07-Jun-2021 18:07:19.021 INFO [main] org.apache.coyote.AbstractProtocol.destroy Destroying ProtocolHandler ["http-nio-8080"]
